
 /----------------------------------------------------------------------------\
 |                                                                            |
 |  yosys -- Yosys Open SYnthesis Suite                                       |
 |                                                                            |
 |  Copyright (C) 2012 - 2020  Claire Xenia Wolf <claire@yosyshq.com>         |
 |                                                                            |
 |  Permission to use, copy, modify, and/or distribute this software for any  |
 |  purpose with or without fee is hereby granted, provided that the above    |
 |  copyright notice and this permission notice appear in all copies.         |
 |                                                                            |
 |  THE SOFTWARE IS PROVIDED "AS IS" AND THE AUTHOR DISCLAIMS ALL WARRANTIES  |
 |  WITH REGARD TO THIS SOFTWARE INCLUDING ALL IMPLIED WARRANTIES OF          |
 |  MERCHANTABILITY AND FITNESS. IN NO EVENT SHALL THE AUTHOR BE LIABLE FOR   |
 |  ANY SPECIAL, DIRECT, INDIRECT, OR CONSEQUENTIAL DAMAGES OR ANY DAMAGES    |
 |  WHATSOEVER RESULTING FROM LOSS OF USE, DATA OR PROFITS, WHETHER IN AN     |
 |  ACTION OF CONTRACT, NEGLIGENCE OR OTHER TORTIOUS ACTION, ARISING OUT OF   |
 |  OR IN CONNECTION WITH THE USE OR PERFORMANCE OF THIS SOFTWARE.            |
 |                                                                            |
 \----------------------------------------------------------------------------/

 Yosys 0.27 (git sha1 5f88c218b, gcc 11.3.0-1ubuntu1~22.04 -fPIC -O3)


-- Running command `read_verilog -sv -noblackbox ice40/ice40hx8k.sv source/top.sv source/dataflow/internal_bus.sv ice40/uart/uart.v ice40/uart/uart_tx.v ice40/uart/uart_rx.v; synth_ice40 -top ice40hx8k -json ./ice40/build/ice40.json' --

1. Executing Verilog-2005 frontend: ice40/ice40hx8k.sv
Parsing SystemVerilog input from `ice40/ice40hx8k.sv' to AST representation.
Generating RTLIL representation for module `\ice40hx8k'.
Generating RTLIL representation for module `\reset_on_start'.
Successfully finished Verilog frontend.

2. Executing Verilog-2005 frontend: source/top.sv
Parsing SystemVerilog input from `source/top.sv' to AST representation.
Generating RTLIL representation for module `\top'.
Successfully finished Verilog frontend.

3. Executing Verilog-2005 frontend: source/dataflow/internal_bus.sv
Parsing SystemVerilog input from `source/dataflow/internal_bus.sv' to AST representation.
Generating RTLIL representation for module `\internalBus'.
Warning: Replacing memory \bus_outputs_unpacked with list of registers. See source/dataflow/internal_bus.sv:46
Successfully finished Verilog frontend.

4. Executing Verilog-2005 frontend: ice40/uart/uart.v
Parsing SystemVerilog input from `ice40/uart/uart.v' to AST representation.
Generating RTLIL representation for module `\uart'.
Successfully finished Verilog frontend.

5. Executing Verilog-2005 frontend: ice40/uart/uart_tx.v
Parsing SystemVerilog input from `ice40/uart/uart_tx.v' to AST representation.
Generating RTLIL representation for module `\uart_tx'.
Successfully finished Verilog frontend.

6. Executing Verilog-2005 frontend: ice40/uart/uart_rx.v
Parsing SystemVerilog input from `ice40/uart/uart_rx.v' to AST representation.
Generating RTLIL representation for module `\uart_rx'.
Successfully finished Verilog frontend.

7. Executing SYNTH_ICE40 pass.

7.1. Executing Verilog-2005 frontend: /home/shay/a/ece270/bin/../share/yosys/ice40/cells_sim.v
Parsing Verilog input from `/home/shay/a/ece270/bin/../share/yosys/ice40/cells_sim.v' to AST representation.
Generating RTLIL representation for module `\SB_IO'.
Generating RTLIL representation for module `\SB_GB_IO'.
Generating RTLIL representation for module `\SB_GB'.
Generating RTLIL representation for module `\SB_LUT4'.
Generating RTLIL representation for module `\SB_CARRY'.
Generating RTLIL representation for module `\SB_DFF'.
Generating RTLIL representation for module `\SB_DFFE'.
Generating RTLIL representation for module `\SB_DFFSR'.
Generating RTLIL representation for module `\SB_DFFR'.
Generating RTLIL representation for module `\SB_DFFSS'.
Generating RTLIL representation for module `\SB_DFFS'.
Generating RTLIL representation for module `\SB_DFFESR'.
Generating RTLIL representation for module `\SB_DFFER'.
Generating RTLIL representation for module `\SB_DFFESS'.
Generating RTLIL representation for module `\SB_DFFES'.
Generating RTLIL representation for module `\SB_DFFN'.
Generating RTLIL representation for module `\SB_DFFNE'.
Generating RTLIL representation for module `\SB_DFFNSR'.
Generating RTLIL representation for module `\SB_DFFNR'.
Generating RTLIL representation for module `\SB_DFFNSS'.
Generating RTLIL representation for module `\SB_DFFNS'.
Generating RTLIL representation for module `\SB_DFFNESR'.
Generating RTLIL representation for module `\SB_DFFNER'.
Generating RTLIL representation for module `\SB_DFFNESS'.
Generating RTLIL representation for module `\SB_DFFNES'.
Generating RTLIL representation for module `\SB_RAM40_4K'.
Generating RTLIL representation for module `\SB_RAM40_4KNR'.
Generating RTLIL representation for module `\SB_RAM40_4KNW'.
Generating RTLIL representation for module `\SB_RAM40_4KNRNW'.
Generating RTLIL representation for module `\ICESTORM_LC'.
Generating RTLIL representation for module `\SB_PLL40_CORE'.
Generating RTLIL representation for module `\SB_PLL40_PAD'.
Generating RTLIL representation for module `\SB_PLL40_2_PAD'.
Generating RTLIL representation for module `\SB_PLL40_2F_CORE'.
Generating RTLIL representation for module `\SB_PLL40_2F_PAD'.
Generating RTLIL representation for module `\SB_WARMBOOT'.
Generating RTLIL representation for module `\SB_SPRAM256KA'.
Generating RTLIL representation for module `\SB_HFOSC'.
Generating RTLIL representation for module `\SB_LFOSC'.
Generating RTLIL representation for module `\SB_RGBA_DRV'.
Generating RTLIL representation for module `\SB_LED_DRV_CUR'.
Generating RTLIL representation for module `\SB_RGB_DRV'.
Generating RTLIL representation for module `\SB_I2C'.
Generating RTLIL representation for module `\SB_SPI'.
Generating RTLIL representation for module `\SB_LEDDA_IP'.
Generating RTLIL representation for module `\SB_FILTER_50NS'.
Generating RTLIL representation for module `\SB_IO_I3C'.
Generating RTLIL representation for module `\SB_IO_OD'.
Generating RTLIL representation for module `\SB_MAC16'.
Generating RTLIL representation for module `\ICESTORM_RAM'.
Successfully finished Verilog frontend.

7.2. Executing HIERARCHY pass (managing design hierarchy).

7.2.1. Analyzing design hierarchy..
Top module:  \ice40hx8k
Used module:     \top
Used module:         \internalBus
Used module:     \reset_on_start
Used module:     \uart
Used module:         \uart_rx
Used module:         \uart_tx
Parameter 1 (\MODULES) = 4
Parameter 2 (\WIDTH) = 2

7.2.2. Executing AST frontend in derive mode using pre-parsed AST for module `\internalBus'.
Parameter 1 (\MODULES) = 4
Parameter 2 (\WIDTH) = 2
Generating RTLIL representation for module `$paramod$3a27a7ef4134db216579049f5bf139efdf87d1e6\internalBus'.
Warning: Replacing memory \bus_outputs_unpacked with list of registers. See source/dataflow/internal_bus.sv:46
Parameter \DATA_WIDTH = 8

7.2.3. Executing AST frontend in derive mode using pre-parsed AST for module `\uart_rx'.
Parameter \DATA_WIDTH = 8
Generating RTLIL representation for module `$paramod\uart_rx\DATA_WIDTH=s32'00000000000000000000000000001000'.
Parameter \DATA_WIDTH = 8

7.2.4. Executing AST frontend in derive mode using pre-parsed AST for module `\uart_tx'.
Parameter \DATA_WIDTH = 8
Generating RTLIL representation for module `$paramod\uart_tx\DATA_WIDTH=s32'00000000000000000000000000001000'.

7.2.5. Analyzing design hierarchy..
Top module:  \ice40hx8k
Used module:     \top
Used module:         $paramod$3a27a7ef4134db216579049f5bf139efdf87d1e6\internalBus
Used module:     \reset_on_start
Used module:     \uart
Used module:         $paramod\uart_rx\DATA_WIDTH=s32'00000000000000000000000000001000
Used module:         $paramod\uart_tx\DATA_WIDTH=s32'00000000000000000000000000001000

7.2.6. Analyzing design hierarchy..
Top module:  \ice40hx8k
Used module:     \top
Used module:         $paramod$3a27a7ef4134db216579049f5bf139efdf87d1e6\internalBus
Used module:     \reset_on_start
Used module:     \uart
Used module:         $paramod\uart_rx\DATA_WIDTH=s32'00000000000000000000000000001000
Used module:         $paramod\uart_tx\DATA_WIDTH=s32'00000000000000000000000000001000
Removing unused module `\uart_rx'.
Removing unused module `\uart_tx'.
Removing unused module `\internalBus'.
Removed 3 unused modules.
Mapping positional arguments of cell ice40hx8k.top_inst (top).
Mapping positional arguments of cell ice40hx8k.ros (reset_on_start).
Warning: Resizing cell port ice40hx8k.uart_inst.prescale from 32 bits to 16 bits.
Warning: Resizing cell port ice40hx8k.uart_inst.rst from 32 bits to 1 bits.

7.3. Executing PROC pass (convert processes to netlists).

7.3.1. Executing PROC_CLEAN pass (remove empty switches from decision trees).
Cleaned up 0 empty switches.

7.3.2. Executing PROC_RMDEAD pass (remove dead branches from decision trees).
Marked 1 switch rules as full_case in process $proc$/home/shay/a/ece270/bin/../share/yosys/ice40/cells_sim.v:1414$317 in module SB_DFFNES.
Marked 1 switch rules as full_case in process $proc$/home/shay/a/ece270/bin/../share/yosys/ice40/cells_sim.v:1353$310 in module SB_DFFNESS.
Marked 1 switch rules as full_case in process $proc$/home/shay/a/ece270/bin/../share/yosys/ice40/cells_sim.v:1273$306 in module SB_DFFNER.
Marked 1 switch rules as full_case in process $proc$/home/shay/a/ece270/bin/../share/yosys/ice40/cells_sim.v:1212$299 in module SB_DFFNESR.
Marked 1 switch rules as full_case in process $proc$/home/shay/a/ece270/bin/../share/yosys/ice40/cells_sim.v:1138$296 in module SB_DFFNS.
Marked 1 switch rules as full_case in process $proc$/home/shay/a/ece270/bin/../share/yosys/ice40/cells_sim.v:1088$293 in module SB_DFFNSS.
Marked 1 switch rules as full_case in process $proc$/home/shay/a/ece270/bin/../share/yosys/ice40/cells_sim.v:1017$290 in module SB_DFFNR.
Marked 1 switch rules as full_case in process $proc$/home/shay/a/ece270/bin/../share/yosys/ice40/cells_sim.v:967$287 in module SB_DFFNSR.
Marked 1 switch rules as full_case in process $proc$/home/shay/a/ece270/bin/../share/yosys/ice40/cells_sim.v:803$279 in module SB_DFFES.
Marked 1 switch rules as full_case in process $proc$/home/shay/a/ece270/bin/../share/yosys/ice40/cells_sim.v:742$272 in module SB_DFFESS.
Marked 1 switch rules as full_case in process $proc$/home/shay/a/ece270/bin/../share/yosys/ice40/cells_sim.v:662$268 in module SB_DFFER.
Marked 1 switch rules as full_case in process $proc$/home/shay/a/ece270/bin/../share/yosys/ice40/cells_sim.v:601$261 in module SB_DFFESR.
Marked 1 switch rules as full_case in process $proc$/home/shay/a/ece270/bin/../share/yosys/ice40/cells_sim.v:527$258 in module SB_DFFS.
Marked 1 switch rules as full_case in process $proc$/home/shay/a/ece270/bin/../share/yosys/ice40/cells_sim.v:477$255 in module SB_DFFSS.
Marked 1 switch rules as full_case in process $proc$/home/shay/a/ece270/bin/../share/yosys/ice40/cells_sim.v:406$252 in module SB_DFFR.
Marked 1 switch rules as full_case in process $proc$/home/shay/a/ece270/bin/../share/yosys/ice40/cells_sim.v:356$249 in module SB_DFFSR.
Marked 4 switch rules as full_case in process $proc$ice40/uart/uart_tx.v:78$490 in module $paramod\uart_tx\DATA_WIDTH=s32'00000000000000000000000000001000.
Marked 7 switch rules as full_case in process $proc$ice40/uart/uart_rx.v:86$462 in module $paramod\uart_rx\DATA_WIDTH=s32'00000000000000000000000000001000.
Removed 1 dead cases from process $proc$source/dataflow/internal_bus.sv:0$458 in module $paramod$3a27a7ef4134db216579049f5bf139efdf87d1e6\internalBus.
Marked 1 switch rules as full_case in process $proc$source/dataflow/internal_bus.sv:0$458 in module $paramod$3a27a7ef4134db216579049f5bf139efdf87d1e6\internalBus.
Marked 5 switch rules as full_case in process $proc$ice40/ice40hx8k.sv:131$16 in module reset_on_start.
Marked 1 switch rules as full_case in process $proc$ice40/ice40hx8k.sv:104$9 in module ice40hx8k.
Marked 1 switch rules as full_case in process $proc$ice40/ice40hx8k.sv:98$7 in module ice40hx8k.
Marked 1 switch rules as full_case in process $proc$ice40/ice40hx8k.sv:14$1 in module ice40hx8k.
Removed a total of 1 dead cases.

7.3.3. Executing PROC_PRUNE pass (remove redundant assignments in processes).
Removed 14 redundant assignments.
Promoted 45 assignments to connections.

7.3.4. Executing PROC_INIT pass (extract init attributes).
Found init rule in `\SB_DFFNES.$proc$/home/shay/a/ece270/bin/../share/yosys/ice40/cells_sim.v:0$320'.
  Set init value: \Q = 1'0
Found init rule in `\SB_DFFNESS.$proc$/home/shay/a/ece270/bin/../share/yosys/ice40/cells_sim.v:0$316'.
  Set init value: \Q = 1'0
Found init rule in `\SB_DFFNER.$proc$/home/shay/a/ece270/bin/../share/yosys/ice40/cells_sim.v:0$309'.
  Set init value: \Q = 1'0
Found init rule in `\SB_DFFNESR.$proc$/home/shay/a/ece270/bin/../share/yosys/ice40/cells_sim.v:0$305'.
  Set init value: \Q = 1'0
Found init rule in `\SB_DFFNS.$proc$/home/shay/a/ece270/bin/../share/yosys/ice40/cells_sim.v:0$298'.
  Set init value: \Q = 1'0
Found init rule in `\SB_DFFNSS.$proc$/home/shay/a/ece270/bin/../share/yosys/ice40/cells_sim.v:0$295'.
  Set init value: \Q = 1'0
Found init rule in `\SB_DFFNR.$proc$/home/shay/a/ece270/bin/../share/yosys/ice40/cells_sim.v:0$292'.
  Set init value: \Q = 1'0
Found init rule in `\SB_DFFNSR.$proc$/home/shay/a/ece270/bin/../share/yosys/ice40/cells_sim.v:0$289'.
  Set init value: \Q = 1'0
Found init rule in `\SB_DFFNE.$proc$/home/shay/a/ece270/bin/../share/yosys/ice40/cells_sim.v:0$286'.
  Set init value: \Q = 1'0
Found init rule in `\SB_DFFN.$proc$/home/shay/a/ece270/bin/../share/yosys/ice40/cells_sim.v:0$284'.
  Set init value: \Q = 1'0
Found init rule in `\SB_DFFES.$proc$/home/shay/a/ece270/bin/../share/yosys/ice40/cells_sim.v:0$282'.
  Set init value: \Q = 1'0
Found init rule in `\SB_DFFESS.$proc$/home/shay/a/ece270/bin/../share/yosys/ice40/cells_sim.v:0$278'.
  Set init value: \Q = 1'0
Found init rule in `\SB_DFFER.$proc$/home/shay/a/ece270/bin/../share/yosys/ice40/cells_sim.v:0$271'.
  Set init value: \Q = 1'0
Found init rule in `\SB_DFFESR.$proc$/home/shay/a/ece270/bin/../share/yosys/ice40/cells_sim.v:0$267'.
  Set init value: \Q = 1'0
Found init rule in `\SB_DFFS.$proc$/home/shay/a/ece270/bin/../share/yosys/ice40/cells_sim.v:0$260'.
  Set init value: \Q = 1'0
Found init rule in `\SB_DFFSS.$proc$/home/shay/a/ece270/bin/../share/yosys/ice40/cells_sim.v:0$257'.
  Set init value: \Q = 1'0
Found init rule in `\SB_DFFR.$proc$/home/shay/a/ece270/bin/../share/yosys/ice40/cells_sim.v:0$254'.
  Set init value: \Q = 1'0
Found init rule in `\SB_DFFSR.$proc$/home/shay/a/ece270/bin/../share/yosys/ice40/cells_sim.v:0$251'.
  Set init value: \Q = 1'0
Found init rule in `\SB_DFFE.$proc$/home/shay/a/ece270/bin/../share/yosys/ice40/cells_sim.v:0$248'.
  Set init value: \Q = 1'0
Found init rule in `\SB_DFF.$proc$/home/shay/a/ece270/bin/../share/yosys/ice40/cells_sim.v:0$246'.
  Set init value: \Q = 1'0
Found init rule in `$paramod\uart_tx\DATA_WIDTH=s32'00000000000000000000000000001000.$proc$ice40/uart/uart_tx.v:71$509'.
  Set init value: \bit_cnt = 4'0000
Found init rule in `$paramod\uart_tx\DATA_WIDTH=s32'00000000000000000000000000001000.$proc$ice40/uart/uart_tx.v:70$508'.
  Set init value: \prescale_reg = 19'0000000000000000000
Found init rule in `$paramod\uart_tx\DATA_WIDTH=s32'00000000000000000000000000001000.$proc$ice40/uart/uart_tx.v:69$507'.
  Set init value: \data_reg = 9'000000000
Found init rule in `$paramod\uart_tx\DATA_WIDTH=s32'00000000000000000000000000001000.$proc$ice40/uart/uart_tx.v:67$506'.
  Set init value: \busy_reg = 1'0
Found init rule in `$paramod\uart_tx\DATA_WIDTH=s32'00000000000000000000000000001000.$proc$ice40/uart/uart_tx.v:65$505'.
  Set init value: \txd_reg = 1'1
Found init rule in `$paramod\uart_tx\DATA_WIDTH=s32'00000000000000000000000000001000.$proc$ice40/uart/uart_tx.v:63$504'.
  Set init value: \input_axis_tready_reg = 1'0
Found init rule in `$paramod\uart_rx\DATA_WIDTH=s32'00000000000000000000000000001000.$proc$ice40/uart/uart_rx.v:77$489'.
  Set init value: \bit_cnt = 4'0000
Found init rule in `$paramod\uart_rx\DATA_WIDTH=s32'00000000000000000000000000001000.$proc$ice40/uart/uart_rx.v:76$488'.
  Set init value: \prescale_reg = 19'0000000000000000000
Found init rule in `$paramod\uart_rx\DATA_WIDTH=s32'00000000000000000000000000001000.$proc$ice40/uart/uart_rx.v:75$487'.
  Set init value: \data_reg = 8'00000000
Found init rule in `$paramod\uart_rx\DATA_WIDTH=s32'00000000000000000000000000001000.$proc$ice40/uart/uart_rx.v:73$486'.
  Set init value: \frame_error_reg = 1'0
Found init rule in `$paramod\uart_rx\DATA_WIDTH=s32'00000000000000000000000000001000.$proc$ice40/uart/uart_rx.v:72$485'.
  Set init value: \overrun_error_reg = 1'0
Found init rule in `$paramod\uart_rx\DATA_WIDTH=s32'00000000000000000000000000001000.$proc$ice40/uart/uart_rx.v:71$484'.
  Set init value: \busy_reg = 1'0
Found init rule in `$paramod\uart_rx\DATA_WIDTH=s32'00000000000000000000000000001000.$proc$ice40/uart/uart_rx.v:69$483'.
  Set init value: \rxd_reg = 1'1
Found init rule in `$paramod\uart_rx\DATA_WIDTH=s32'00000000000000000000000000001000.$proc$ice40/uart/uart_rx.v:67$482'.
  Set init value: \output_axis_tvalid_reg = 1'0
Found init rule in `$paramod\uart_rx\DATA_WIDTH=s32'00000000000000000000000000001000.$proc$ice40/uart/uart_rx.v:66$481'.
  Set init value: \output_axis_tdata_reg = 8'00000000
Found init rule in `\reset_on_start.$proc$ice40/ice40hx8k.sv:129$23'.
  Set init value: \startup = 3'000
Found init rule in `\ice40hx8k.$proc$ice40/ice40hx8k.sv:13$14'.
  Set init value: \hz100 = 1'0
Found init rule in `\ice40hx8k.$proc$ice40/ice40hx8k.sv:12$13'.
  Set init value: \ctr = 16'0000000000000000

7.3.5. Executing PROC_ARST pass (detect async resets in processes).
Found async reset \S in `\SB_DFFNES.$proc$/home/shay/a/ece270/bin/../share/yosys/ice40/cells_sim.v:1414$317'.
Found async reset \R in `\SB_DFFNER.$proc$/home/shay/a/ece270/bin/../share/yosys/ice40/cells_sim.v:1273$306'.
Found async reset \S in `\SB_DFFNS.$proc$/home/shay/a/ece270/bin/../share/yosys/ice40/cells_sim.v:1138$296'.
Found async reset \R in `\SB_DFFNR.$proc$/home/shay/a/ece270/bin/../share/yosys/ice40/cells_sim.v:1017$290'.
Found async reset \S in `\SB_DFFES.$proc$/home/shay/a/ece270/bin/../share/yosys/ice40/cells_sim.v:803$279'.
Found async reset \R in `\SB_DFFER.$proc$/home/shay/a/ece270/bin/../share/yosys/ice40/cells_sim.v:662$268'.
Found async reset \S in `\SB_DFFS.$proc$/home/shay/a/ece270/bin/../share/yosys/ice40/cells_sim.v:527$258'.
Found async reset \R in `\SB_DFFR.$proc$/home/shay/a/ece270/bin/../share/yosys/ice40/cells_sim.v:406$252'.
Found async reset \manual in `\reset_on_start.$proc$ice40/ice40hx8k.sv:131$16'.
Found async reset \rxready in `\ice40hx8k.$proc$ice40/ice40hx8k.sv:104$9'.
Found async reset \txready in `\ice40hx8k.$proc$ice40/ice40hx8k.sv:98$7'.

7.3.6. Executing PROC_ROM pass (convert switches to ROMs).
Converted 0 switches.
<suppressed ~41 debug messages>

7.3.7. Executing PROC_MUX pass (convert decision trees to multiplexers).
Creating decoders for process `\SB_DFFNES.$proc$/home/shay/a/ece270/bin/../share/yosys/ice40/cells_sim.v:0$320'.
Creating decoders for process `\SB_DFFNES.$proc$/home/shay/a/ece270/bin/../share/yosys/ice40/cells_sim.v:1414$317'.
     1/1: $0\Q[0:0]
Creating decoders for process `\SB_DFFNESS.$proc$/home/shay/a/ece270/bin/../share/yosys/ice40/cells_sim.v:0$316'.
Creating decoders for process `\SB_DFFNESS.$proc$/home/shay/a/ece270/bin/../share/yosys/ice40/cells_sim.v:1353$310'.
     1/1: $0\Q[0:0]
Creating decoders for process `\SB_DFFNER.$proc$/home/shay/a/ece270/bin/../share/yosys/ice40/cells_sim.v:0$309'.
Creating decoders for process `\SB_DFFNER.$proc$/home/shay/a/ece270/bin/../share/yosys/ice40/cells_sim.v:1273$306'.
     1/1: $0\Q[0:0]
Creating decoders for process `\SB_DFFNESR.$proc$/home/shay/a/ece270/bin/../share/yosys/ice40/cells_sim.v:0$305'.
Creating decoders for process `\SB_DFFNESR.$proc$/home/shay/a/ece270/bin/../share/yosys/ice40/cells_sim.v:1212$299'.
     1/1: $0\Q[0:0]
Creating decoders for process `\SB_DFFNS.$proc$/home/shay/a/ece270/bin/../share/yosys/ice40/cells_sim.v:0$298'.
Creating decoders for process `\SB_DFFNS.$proc$/home/shay/a/ece270/bin/../share/yosys/ice40/cells_sim.v:1138$296'.
     1/1: $0\Q[0:0]
Creating decoders for process `\SB_DFFNSS.$proc$/home/shay/a/ece270/bin/../share/yosys/ice40/cells_sim.v:0$295'.
Creating decoders for process `\SB_DFFNSS.$proc$/home/shay/a/ece270/bin/../share/yosys/ice40/cells_sim.v:1088$293'.
     1/1: $0\Q[0:0]
Creating decoders for process `\SB_DFFNR.$proc$/home/shay/a/ece270/bin/../share/yosys/ice40/cells_sim.v:0$292'.
Creating decoders for process `\SB_DFFNR.$proc$/home/shay/a/ece270/bin/../share/yosys/ice40/cells_sim.v:1017$290'.
     1/1: $0\Q[0:0]
Creating decoders for process `\SB_DFFNSR.$proc$/home/shay/a/ece270/bin/../share/yosys/ice40/cells_sim.v:0$289'.
Creating decoders for process `\SB_DFFNSR.$proc$/home/shay/a/ece270/bin/../share/yosys/ice40/cells_sim.v:967$287'.
     1/1: $0\Q[0:0]
Creating decoders for process `\SB_DFFNE.$proc$/home/shay/a/ece270/bin/../share/yosys/ice40/cells_sim.v:0$286'.
Creating decoders for process `\SB_DFFNE.$proc$/home/shay/a/ece270/bin/../share/yosys/ice40/cells_sim.v:922$285'.
     1/1: $0\Q[0:0]
Creating decoders for process `\SB_DFFN.$proc$/home/shay/a/ece270/bin/../share/yosys/ice40/cells_sim.v:0$284'.
Creating decoders for process `\SB_DFFN.$proc$/home/shay/a/ece270/bin/../share/yosys/ice40/cells_sim.v:882$283'.
Creating decoders for process `\SB_DFFES.$proc$/home/shay/a/ece270/bin/../share/yosys/ice40/cells_sim.v:0$282'.
Creating decoders for process `\SB_DFFES.$proc$/home/shay/a/ece270/bin/../share/yosys/ice40/cells_sim.v:803$279'.
     1/1: $0\Q[0:0]
Creating decoders for process `\SB_DFFESS.$proc$/home/shay/a/ece270/bin/../share/yosys/ice40/cells_sim.v:0$278'.
Creating decoders for process `\SB_DFFESS.$proc$/home/shay/a/ece270/bin/../share/yosys/ice40/cells_sim.v:742$272'.
     1/1: $0\Q[0:0]
Creating decoders for process `\SB_DFFER.$proc$/home/shay/a/ece270/bin/../share/yosys/ice40/cells_sim.v:0$271'.
Creating decoders for process `\SB_DFFER.$proc$/home/shay/a/ece270/bin/../share/yosys/ice40/cells_sim.v:662$268'.
     1/1: $0\Q[0:0]
Creating decoders for process `\SB_DFFESR.$proc$/home/shay/a/ece270/bin/../share/yosys/ice40/cells_sim.v:0$267'.
Creating decoders for process `\SB_DFFESR.$proc$/home/shay/a/ece270/bin/../share/yosys/ice40/cells_sim.v:601$261'.
     1/1: $0\Q[0:0]
Creating decoders for process `\SB_DFFS.$proc$/home/shay/a/ece270/bin/../share/yosys/ice40/cells_sim.v:0$260'.
Creating decoders for process `\SB_DFFS.$proc$/home/shay/a/ece270/bin/../share/yosys/ice40/cells_sim.v:527$258'.
     1/1: $0\Q[0:0]
Creating decoders for process `\SB_DFFSS.$proc$/home/shay/a/ece270/bin/../share/yosys/ice40/cells_sim.v:0$257'.
Creating decoders for process `\SB_DFFSS.$proc$/home/shay/a/ece270/bin/../share/yosys/ice40/cells_sim.v:477$255'.
     1/1: $0\Q[0:0]
Creating decoders for process `\SB_DFFR.$proc$/home/shay/a/ece270/bin/../share/yosys/ice40/cells_sim.v:0$254'.
Creating decoders for process `\SB_DFFR.$proc$/home/shay/a/ece270/bin/../share/yosys/ice40/cells_sim.v:406$252'.
     1/1: $0\Q[0:0]
Creating decoders for process `\SB_DFFSR.$proc$/home/shay/a/ece270/bin/../share/yosys/ice40/cells_sim.v:0$251'.
Creating decoders for process `\SB_DFFSR.$proc$/home/shay/a/ece270/bin/../share/yosys/ice40/cells_sim.v:356$249'.
     1/1: $0\Q[0:0]
Creating decoders for process `\SB_DFFE.$proc$/home/shay/a/ece270/bin/../share/yosys/ice40/cells_sim.v:0$248'.
Creating decoders for process `\SB_DFFE.$proc$/home/shay/a/ece270/bin/../share/yosys/ice40/cells_sim.v:311$247'.
     1/1: $0\Q[0:0]
Creating decoders for process `\SB_DFF.$proc$/home/shay/a/ece270/bin/../share/yosys/ice40/cells_sim.v:0$246'.
Creating decoders for process `\SB_DFF.$proc$/home/shay/a/ece270/bin/../share/yosys/ice40/cells_sim.v:271$245'.
Creating decoders for process `$paramod\uart_tx\DATA_WIDTH=s32'00000000000000000000000000001000.$proc$ice40/uart/uart_tx.v:71$509'.
Creating decoders for process `$paramod\uart_tx\DATA_WIDTH=s32'00000000000000000000000000001000.$proc$ice40/uart/uart_tx.v:70$508'.
Creating decoders for process `$paramod\uart_tx\DATA_WIDTH=s32'00000000000000000000000000001000.$proc$ice40/uart/uart_tx.v:69$507'.
Creating decoders for process `$paramod\uart_tx\DATA_WIDTH=s32'00000000000000000000000000001000.$proc$ice40/uart/uart_tx.v:67$506'.
Creating decoders for process `$paramod\uart_tx\DATA_WIDTH=s32'00000000000000000000000000001000.$proc$ice40/uart/uart_tx.v:65$505'.
Creating decoders for process `$paramod\uart_tx\DATA_WIDTH=s32'00000000000000000000000000001000.$proc$ice40/uart/uart_tx.v:63$504'.
Creating decoders for process `$paramod\uart_tx\DATA_WIDTH=s32'00000000000000000000000000001000.$proc$ice40/uart/uart_tx.v:78$490'.
     1/6: $0\data_reg[8:0]
     2/6: $0\prescale_reg[18:0]
     3/6: $0\txd_reg[0:0]
     4/6: $0\busy_reg[0:0]
     5/6: $0\bit_cnt[3:0]
     6/6: $0\input_axis_tready_reg[0:0]
Creating decoders for process `$paramod\uart_rx\DATA_WIDTH=s32'00000000000000000000000000001000.$proc$ice40/uart/uart_rx.v:77$489'.
Creating decoders for process `$paramod\uart_rx\DATA_WIDTH=s32'00000000000000000000000000001000.$proc$ice40/uart/uart_rx.v:76$488'.
Creating decoders for process `$paramod\uart_rx\DATA_WIDTH=s32'00000000000000000000000000001000.$proc$ice40/uart/uart_rx.v:75$487'.
Creating decoders for process `$paramod\uart_rx\DATA_WIDTH=s32'00000000000000000000000000001000.$proc$ice40/uart/uart_rx.v:73$486'.
Creating decoders for process `$paramod\uart_rx\DATA_WIDTH=s32'00000000000000000000000000001000.$proc$ice40/uart/uart_rx.v:72$485'.
Creating decoders for process `$paramod\uart_rx\DATA_WIDTH=s32'00000000000000000000000000001000.$proc$ice40/uart/uart_rx.v:71$484'.
Creating decoders for process `$paramod\uart_rx\DATA_WIDTH=s32'00000000000000000000000000001000.$proc$ice40/uart/uart_rx.v:69$483'.
Creating decoders for process `$paramod\uart_rx\DATA_WIDTH=s32'00000000000000000000000000001000.$proc$ice40/uart/uart_rx.v:67$482'.
Creating decoders for process `$paramod\uart_rx\DATA_WIDTH=s32'00000000000000000000000000001000.$proc$ice40/uart/uart_rx.v:66$481'.
Creating decoders for process `$paramod\uart_rx\DATA_WIDTH=s32'00000000000000000000000000001000.$proc$ice40/uart/uart_rx.v:86$462'.
     1/9: $0\frame_error_reg[0:0]
     2/9: $0\overrun_error_reg[0:0]
     3/9: $0\rxd_reg[0:0]
     4/9: $0\output_axis_tvalid_reg[0:0]
     5/9: $0\output_axis_tdata_reg[7:0]
     6/9: $0\bit_cnt[3:0]
     7/9: $0\prescale_reg[18:0]
     8/9: $0\data_reg[7:0]
     9/9: $0\busy_reg[0:0]
Creating decoders for process `$paramod$3a27a7ef4134db216579049f5bf139efdf87d1e6\internalBus.$proc$source/dataflow/internal_bus.sv:0$461'.
Creating decoders for process `$paramod$3a27a7ef4134db216579049f5bf139efdf87d1e6\internalBus.$proc$source/dataflow/internal_bus.sv:0$458'.
     1/1: $1$mem2reg_rd$\bus_outputs_unpacked$source/dataflow/internal_bus.sv:50$457_DATA[1:0]$460
Creating decoders for process `\reset_on_start.$proc$ice40/ice40hx8k.sv:129$23'.
Creating decoders for process `\reset_on_start.$proc$ice40/ice40hx8k.sv:131$16'.
     1/1: $0\startup[2:0]
Creating decoders for process `\ice40hx8k.$proc$ice40/ice40hx8k.sv:13$14'.
Creating decoders for process `\ice40hx8k.$proc$ice40/ice40hx8k.sv:12$13'.
Creating decoders for process `\ice40hx8k.$proc$ice40/ice40hx8k.sv:104$9'.
     1/1: $0\recv[0:0]
Creating decoders for process `\ice40hx8k.$proc$ice40/ice40hx8k.sv:98$7'.
     1/1: $0\xmit[0:0]
Creating decoders for process `\ice40hx8k.$proc$ice40/ice40hx8k.sv:14$1'.
     1/2: $0\ctr[15:0]
     2/2: $0\hz100[0:0]

7.3.8. Executing PROC_DLATCH pass (convert process syncs to latches).
No latch inferred for signal `$paramod$3a27a7ef4134db216579049f5bf139efdf87d1e6\internalBus.\bus_outputs_unpacked[0]' from process `$paramod$3a27a7ef4134db216579049f5bf139efdf87d1e6\internalBus.$proc$source/dataflow/internal_bus.sv:0$461'.
No latch inferred for signal `$paramod$3a27a7ef4134db216579049f5bf139efdf87d1e6\internalBus.\bus_outputs_unpacked[1]' from process `$paramod$3a27a7ef4134db216579049f5bf139efdf87d1e6\internalBus.$proc$source/dataflow/internal_bus.sv:0$461'.
No latch inferred for signal `$paramod$3a27a7ef4134db216579049f5bf139efdf87d1e6\internalBus.\bus_outputs_unpacked[2]' from process `$paramod$3a27a7ef4134db216579049f5bf139efdf87d1e6\internalBus.$proc$source/dataflow/internal_bus.sv:0$461'.
No latch inferred for signal `$paramod$3a27a7ef4134db216579049f5bf139efdf87d1e6\internalBus.\bus_outputs_unpacked[3]' from process `$paramod$3a27a7ef4134db216579049f5bf139efdf87d1e6\internalBus.$proc$source/dataflow/internal_bus.sv:0$461'.
No latch inferred for signal `$paramod$3a27a7ef4134db216579049f5bf139efdf87d1e6\internalBus.$mem2reg_rd$\bus_outputs_unpacked$source/dataflow/internal_bus.sv:50$457_DATA' from process `$paramod$3a27a7ef4134db216579049f5bf139efdf87d1e6\internalBus.$proc$source/dataflow/internal_bus.sv:0$458'.

7.3.9. Executing PROC_DFF pass (convert process syncs to FFs).
Creating register for signal `\SB_DFFNES.\Q' using process `\SB_DFFNES.$proc$/home/shay/a/ece270/bin/../share/yosys/ice40/cells_sim.v:1414$317'.
  created $adff cell `$procdff$818' with negative edge clock and positive level reset.
Creating register for signal `\SB_DFFNESS.\Q' using process `\SB_DFFNESS.$proc$/home/shay/a/ece270/bin/../share/yosys/ice40/cells_sim.v:1353$310'.
  created $dff cell `$procdff$819' with negative edge clock.
Creating register for signal `\SB_DFFNER.\Q' using process `\SB_DFFNER.$proc$/home/shay/a/ece270/bin/../share/yosys/ice40/cells_sim.v:1273$306'.
  created $adff cell `$procdff$820' with negative edge clock and positive level reset.
Creating register for signal `\SB_DFFNESR.\Q' using process `\SB_DFFNESR.$proc$/home/shay/a/ece270/bin/../share/yosys/ice40/cells_sim.v:1212$299'.
  created $dff cell `$procdff$821' with negative edge clock.
Creating register for signal `\SB_DFFNS.\Q' using process `\SB_DFFNS.$proc$/home/shay/a/ece270/bin/../share/yosys/ice40/cells_sim.v:1138$296'.
  created $adff cell `$procdff$822' with negative edge clock and positive level reset.
Creating register for signal `\SB_DFFNSS.\Q' using process `\SB_DFFNSS.$proc$/home/shay/a/ece270/bin/../share/yosys/ice40/cells_sim.v:1088$293'.
  created $dff cell `$procdff$823' with negative edge clock.
Creating register for signal `\SB_DFFNR.\Q' using process `\SB_DFFNR.$proc$/home/shay/a/ece270/bin/../share/yosys/ice40/cells_sim.v:1017$290'.
  created $adff cell `$procdff$824' with negative edge clock and positive level reset.
Creating register for signal `\SB_DFFNSR.\Q' using process `\SB_DFFNSR.$proc$/home/shay/a/ece270/bin/../share/yosys/ice40/cells_sim.v:967$287'.
  created $dff cell `$procdff$825' with negative edge clock.
Creating register for signal `\SB_DFFNE.\Q' using process `\SB_DFFNE.$proc$/home/shay/a/ece270/bin/../share/yosys/ice40/cells_sim.v:922$285'.
  created $dff cell `$procdff$826' with negative edge clock.
Creating register for signal `\SB_DFFN.\Q' using process `\SB_DFFN.$proc$/home/shay/a/ece270/bin/../share/yosys/ice40/cells_sim.v:882$283'.
  created $dff cell `$procdff$827' with negative edge clock.
Creating register for signal `\SB_DFFES.\Q' using process `\SB_DFFES.$proc$/home/shay/a/ece270/bin/../share/yosys/ice40/cells_sim.v:803$279'.
  created $adff cell `$procdff$828' with positive edge clock and positive level reset.
Creating register for signal `\SB_DFFESS.\Q' using process `\SB_DFFESS.$proc$/home/shay/a/ece270/bin/../share/yosys/ice40/cells_sim.v:742$272'.
  created $dff cell `$procdff$829' with positive edge clock.
Creating register for signal `\SB_DFFER.\Q' using process `\SB_DFFER.$proc$/home/shay/a/ece270/bin/../share/yosys/ice40/cells_sim.v:662$268'.
  created $adff cell `$procdff$830' with positive edge clock and positive level reset.
Creating register for signal `\SB_DFFESR.\Q' using process `\SB_DFFESR.$proc$/home/shay/a/ece270/bin/../share/yosys/ice40/cells_sim.v:601$261'.
  created $dff cell `$procdff$831' with positive edge clock.
Creating register for signal `\SB_DFFS.\Q' using process `\SB_DFFS.$proc$/home/shay/a/ece270/bin/../share/yosys/ice40/cells_sim.v:527$258'.
  created $adff cell `$procdff$832' with positive edge clock and positive level reset.
Creating register for signal `\SB_DFFSS.\Q' using process `\SB_DFFSS.$proc$/home/shay/a/ece270/bin/../share/yosys/ice40/cells_sim.v:477$255'.
  created $dff cell `$procdff$833' with positive edge clock.
Creating register for signal `\SB_DFFR.\Q' using process `\SB_DFFR.$proc$/home/shay/a/ece270/bin/../share/yosys/ice40/cells_sim.v:406$252'.
  created $adff cell `$procdff$834' with positive edge clock and positive level reset.
Creating register for signal `\SB_DFFSR.\Q' using process `\SB_DFFSR.$proc$/home/shay/a/ece270/bin/../share/yosys/ice40/cells_sim.v:356$249'.
  created $dff cell `$procdff$835' with positive edge clock.
Creating register for signal `\SB_DFFE.\Q' using process `\SB_DFFE.$proc$/home/shay/a/ece270/bin/../share/yosys/ice40/cells_sim.v:311$247'.
  created $dff cell `$procdff$836' with positive edge clock.
Creating register for signal `\SB_DFF.\Q' using process `\SB_DFF.$proc$/home/shay/a/ece270/bin/../share/yosys/ice40/cells_sim.v:271$245'.
  created $dff cell `$procdff$837' with positive edge clock.
Creating register for signal `$paramod\uart_tx\DATA_WIDTH=s32'00000000000000000000000000001000.\input_axis_tready_reg' using process `$paramod\uart_tx\DATA_WIDTH=s32'00000000000000000000000000001000.$proc$ice40/uart/uart_tx.v:78$490'.
  created $dff cell `$procdff$838' with positive edge clock.
Creating register for signal `$paramod\uart_tx\DATA_WIDTH=s32'00000000000000000000000000001000.\txd_reg' using process `$paramod\uart_tx\DATA_WIDTH=s32'00000000000000000000000000001000.$proc$ice40/uart/uart_tx.v:78$490'.
  created $dff cell `$procdff$839' with positive edge clock.
Creating register for signal `$paramod\uart_tx\DATA_WIDTH=s32'00000000000000000000000000001000.\busy_reg' using process `$paramod\uart_tx\DATA_WIDTH=s32'00000000000000000000000000001000.$proc$ice40/uart/uart_tx.v:78$490'.
  created $dff cell `$procdff$840' with positive edge clock.
Creating register for signal `$paramod\uart_tx\DATA_WIDTH=s32'00000000000000000000000000001000.\data_reg' using process `$paramod\uart_tx\DATA_WIDTH=s32'00000000000000000000000000001000.$proc$ice40/uart/uart_tx.v:78$490'.
  created $dff cell `$procdff$841' with positive edge clock.
Creating register for signal `$paramod\uart_tx\DATA_WIDTH=s32'00000000000000000000000000001000.\prescale_reg' using process `$paramod\uart_tx\DATA_WIDTH=s32'00000000000000000000000000001000.$proc$ice40/uart/uart_tx.v:78$490'.
  created $dff cell `$procdff$842' with positive edge clock.
Creating register for signal `$paramod\uart_tx\DATA_WIDTH=s32'00000000000000000000000000001000.\bit_cnt' using process `$paramod\uart_tx\DATA_WIDTH=s32'00000000000000000000000000001000.$proc$ice40/uart/uart_tx.v:78$490'.
  created $dff cell `$procdff$843' with positive edge clock.
Creating register for signal `$paramod\uart_rx\DATA_WIDTH=s32'00000000000000000000000000001000.\busy_reg' using process `$paramod\uart_rx\DATA_WIDTH=s32'00000000000000000000000000001000.$proc$ice40/uart/uart_rx.v:86$462'.
  created $dff cell `$procdff$844' with positive edge clock.
Creating register for signal `$paramod\uart_rx\DATA_WIDTH=s32'00000000000000000000000000001000.\data_reg' using process `$paramod\uart_rx\DATA_WIDTH=s32'00000000000000000000000000001000.$proc$ice40/uart/uart_rx.v:86$462'.
  created $dff cell `$procdff$845' with positive edge clock.
Creating register for signal `$paramod\uart_rx\DATA_WIDTH=s32'00000000000000000000000000001000.\prescale_reg' using process `$paramod\uart_rx\DATA_WIDTH=s32'00000000000000000000000000001000.$proc$ice40/uart/uart_rx.v:86$462'.
  created $dff cell `$procdff$846' with positive edge clock.
Creating register for signal `$paramod\uart_rx\DATA_WIDTH=s32'00000000000000000000000000001000.\bit_cnt' using process `$paramod\uart_rx\DATA_WIDTH=s32'00000000000000000000000000001000.$proc$ice40/uart/uart_rx.v:86$462'.
  created $dff cell `$procdff$847' with positive edge clock.
Creating register for signal `$paramod\uart_rx\DATA_WIDTH=s32'00000000000000000000000000001000.\output_axis_tdata_reg' using process `$paramod\uart_rx\DATA_WIDTH=s32'00000000000000000000000000001000.$proc$ice40/uart/uart_rx.v:86$462'.
  created $dff cell `$procdff$848' with positive edge clock.
Creating register for signal `$paramod\uart_rx\DATA_WIDTH=s32'00000000000000000000000000001000.\output_axis_tvalid_reg' using process `$paramod\uart_rx\DATA_WIDTH=s32'00000000000000000000000000001000.$proc$ice40/uart/uart_rx.v:86$462'.
  created $dff cell `$procdff$849' with positive edge clock.
Creating register for signal `$paramod\uart_rx\DATA_WIDTH=s32'00000000000000000000000000001000.\rxd_reg' using process `$paramod\uart_rx\DATA_WIDTH=s32'00000000000000000000000000001000.$proc$ice40/uart/uart_rx.v:86$462'.
  created $dff cell `$procdff$850' with positive edge clock.
Creating register for signal `$paramod\uart_rx\DATA_WIDTH=s32'00000000000000000000000000001000.\overrun_error_reg' using process `$paramod\uart_rx\DATA_WIDTH=s32'00000000000000000000000000001000.$proc$ice40/uart/uart_rx.v:86$462'.
  created $dff cell `$procdff$851' with positive edge clock.
Creating register for signal `$paramod\uart_rx\DATA_WIDTH=s32'00000000000000000000000000001000.\frame_error_reg' using process `$paramod\uart_rx\DATA_WIDTH=s32'00000000000000000000000000001000.$proc$ice40/uart/uart_rx.v:86$462'.
  created $dff cell `$procdff$852' with positive edge clock.
Creating register for signal `\reset_on_start.\startup' using process `\reset_on_start.$proc$ice40/ice40hx8k.sv:131$16'.
  created $adff cell `$procdff$853' with positive edge clock and positive level reset.
Creating register for signal `\ice40hx8k.\recv' using process `\ice40hx8k.$proc$ice40/ice40hx8k.sv:104$9'.
  created $adff cell `$procdff$854' with positive edge clock and negative level reset.
Creating register for signal `\ice40hx8k.\xmit' using process `\ice40hx8k.$proc$ice40/ice40hx8k.sv:98$7'.
  created $adff cell `$procdff$855' with positive edge clock and negative level reset.
Creating register for signal `\ice40hx8k.\ctr' using process `\ice40hx8k.$proc$ice40/ice40hx8k.sv:14$1'.
  created $dff cell `$procdff$856' with positive edge clock.
Creating register for signal `\ice40hx8k.\hz100' using process `\ice40hx8k.$proc$ice40/ice40hx8k.sv:14$1'.
  created $dff cell `$procdff$857' with positive edge clock.

7.3.10. Executing PROC_MEMWR pass (convert process memory writes to cells).

7.3.11. Executing PROC_CLEAN pass (remove empty switches from decision trees).
Removing empty process `SB_DFFNES.$proc$/home/shay/a/ece270/bin/../share/yosys/ice40/cells_sim.v:0$320'.
Found and cleaned up 1 empty switch in `\SB_DFFNES.$proc$/home/shay/a/ece270/bin/../share/yosys/ice40/cells_sim.v:1414$317'.
Removing empty process `SB_DFFNES.$proc$/home/shay/a/ece270/bin/../share/yosys/ice40/cells_sim.v:1414$317'.
Removing empty process `SB_DFFNESS.$proc$/home/shay/a/ece270/bin/../share/yosys/ice40/cells_sim.v:0$316'.
Found and cleaned up 2 empty switches in `\SB_DFFNESS.$proc$/home/shay/a/ece270/bin/../share/yosys/ice40/cells_sim.v:1353$310'.
Removing empty process `SB_DFFNESS.$proc$/home/shay/a/ece270/bin/../share/yosys/ice40/cells_sim.v:1353$310'.
Removing empty process `SB_DFFNER.$proc$/home/shay/a/ece270/bin/../share/yosys/ice40/cells_sim.v:0$309'.
Found and cleaned up 1 empty switch in `\SB_DFFNER.$proc$/home/shay/a/ece270/bin/../share/yosys/ice40/cells_sim.v:1273$306'.
Removing empty process `SB_DFFNER.$proc$/home/shay/a/ece270/bin/../share/yosys/ice40/cells_sim.v:1273$306'.
Removing empty process `SB_DFFNESR.$proc$/home/shay/a/ece270/bin/../share/yosys/ice40/cells_sim.v:0$305'.
Found and cleaned up 2 empty switches in `\SB_DFFNESR.$proc$/home/shay/a/ece270/bin/../share/yosys/ice40/cells_sim.v:1212$299'.
Removing empty process `SB_DFFNESR.$proc$/home/shay/a/ece270/bin/../share/yosys/ice40/cells_sim.v:1212$299'.
Removing empty process `SB_DFFNS.$proc$/home/shay/a/ece270/bin/../share/yosys/ice40/cells_sim.v:0$298'.
Removing empty process `SB_DFFNS.$proc$/home/shay/a/ece270/bin/../share/yosys/ice40/cells_sim.v:1138$296'.
Removing empty process `SB_DFFNSS.$proc$/home/shay/a/ece270/bin/../share/yosys/ice40/cells_sim.v:0$295'.
Found and cleaned up 1 empty switch in `\SB_DFFNSS.$proc$/home/shay/a/ece270/bin/../share/yosys/ice40/cells_sim.v:1088$293'.
Removing empty process `SB_DFFNSS.$proc$/home/shay/a/ece270/bin/../share/yosys/ice40/cells_sim.v:1088$293'.
Removing empty process `SB_DFFNR.$proc$/home/shay/a/ece270/bin/../share/yosys/ice40/cells_sim.v:0$292'.
Removing empty process `SB_DFFNR.$proc$/home/shay/a/ece270/bin/../share/yosys/ice40/cells_sim.v:1017$290'.
Removing empty process `SB_DFFNSR.$proc$/home/shay/a/ece270/bin/../share/yosys/ice40/cells_sim.v:0$289'.
Found and cleaned up 1 empty switch in `\SB_DFFNSR.$proc$/home/shay/a/ece270/bin/../share/yosys/ice40/cells_sim.v:967$287'.
Removing empty process `SB_DFFNSR.$proc$/home/shay/a/ece270/bin/../share/yosys/ice40/cells_sim.v:967$287'.
Removing empty process `SB_DFFNE.$proc$/home/shay/a/ece270/bin/../share/yosys/ice40/cells_sim.v:0$286'.
Found and cleaned up 1 empty switch in `\SB_DFFNE.$proc$/home/shay/a/ece270/bin/../share/yosys/ice40/cells_sim.v:922$285'.
Removing empty process `SB_DFFNE.$proc$/home/shay/a/ece270/bin/../share/yosys/ice40/cells_sim.v:922$285'.
Removing empty process `SB_DFFN.$proc$/home/shay/a/ece270/bin/../share/yosys/ice40/cells_sim.v:0$284'.
Removing empty process `SB_DFFN.$proc$/home/shay/a/ece270/bin/../share/yosys/ice40/cells_sim.v:882$283'.
Removing empty process `SB_DFFES.$proc$/home/shay/a/ece270/bin/../share/yosys/ice40/cells_sim.v:0$282'.
Found and cleaned up 1 empty switch in `\SB_DFFES.$proc$/home/shay/a/ece270/bin/../share/yosys/ice40/cells_sim.v:803$279'.
Removing empty process `SB_DFFES.$proc$/home/shay/a/ece270/bin/../share/yosys/ice40/cells_sim.v:803$279'.
Removing empty process `SB_DFFESS.$proc$/home/shay/a/ece270/bin/../share/yosys/ice40/cells_sim.v:0$278'.
Found and cleaned up 2 empty switches in `\SB_DFFESS.$proc$/home/shay/a/ece270/bin/../share/yosys/ice40/cells_sim.v:742$272'.
Removing empty process `SB_DFFESS.$proc$/home/shay/a/ece270/bin/../share/yosys/ice40/cells_sim.v:742$272'.
Removing empty process `SB_DFFER.$proc$/home/shay/a/ece270/bin/../share/yosys/ice40/cells_sim.v:0$271'.
Found and cleaned up 1 empty switch in `\SB_DFFER.$proc$/home/shay/a/ece270/bin/../share/yosys/ice40/cells_sim.v:662$268'.
Removing empty process `SB_DFFER.$proc$/home/shay/a/ece270/bin/../share/yosys/ice40/cells_sim.v:662$268'.
Removing empty process `SB_DFFESR.$proc$/home/shay/a/ece270/bin/../share/yosys/ice40/cells_sim.v:0$267'.
Found and cleaned up 2 empty switches in `\SB_DFFESR.$proc$/home/shay/a/ece270/bin/../share/yosys/ice40/cells_sim.v:601$261'.
Removing empty process `SB_DFFESR.$proc$/home/shay/a/ece270/bin/../share/yosys/ice40/cells_sim.v:601$261'.
Removing empty process `SB_DFFS.$proc$/home/shay/a/ece270/bin/../share/yosys/ice40/cells_sim.v:0$260'.
Removing empty process `SB_DFFS.$proc$/home/shay/a/ece270/bin/../share/yosys/ice40/cells_sim.v:527$258'.
Removing empty process `SB_DFFSS.$proc$/home/shay/a/ece270/bin/../share/yosys/ice40/cells_sim.v:0$257'.
Found and cleaned up 1 empty switch in `\SB_DFFSS.$proc$/home/shay/a/ece270/bin/../share/yosys/ice40/cells_sim.v:477$255'.
Removing empty process `SB_DFFSS.$proc$/home/shay/a/ece270/bin/../share/yosys/ice40/cells_sim.v:477$255'.
Removing empty process `SB_DFFR.$proc$/home/shay/a/ece270/bin/../share/yosys/ice40/cells_sim.v:0$254'.
Removing empty process `SB_DFFR.$proc$/home/shay/a/ece270/bin/../share/yosys/ice40/cells_sim.v:406$252'.
Removing empty process `SB_DFFSR.$proc$/home/shay/a/ece270/bin/../share/yosys/ice40/cells_sim.v:0$251'.
Found and cleaned up 1 empty switch in `\SB_DFFSR.$proc$/home/shay/a/ece270/bin/../share/yosys/ice40/cells_sim.v:356$249'.
Removing empty process `SB_DFFSR.$proc$/home/shay/a/ece270/bin/../share/yosys/ice40/cells_sim.v:356$249'.
Removing empty process `SB_DFFE.$proc$/home/shay/a/ece270/bin/../share/yosys/ice40/cells_sim.v:0$248'.
Found and cleaned up 1 empty switch in `\SB_DFFE.$proc$/home/shay/a/ece270/bin/../share/yosys/ice40/cells_sim.v:311$247'.
Removing empty process `SB_DFFE.$proc$/home/shay/a/ece270/bin/../share/yosys/ice40/cells_sim.v:311$247'.
Removing empty process `SB_DFF.$proc$/home/shay/a/ece270/bin/../share/yosys/ice40/cells_sim.v:0$246'.
Removing empty process `SB_DFF.$proc$/home/shay/a/ece270/bin/../share/yosys/ice40/cells_sim.v:271$245'.
Removing empty process `$paramod\uart_tx\DATA_WIDTH=s32'00000000000000000000000000001000.$proc$ice40/uart/uart_tx.v:71$509'.
Removing empty process `$paramod\uart_tx\DATA_WIDTH=s32'00000000000000000000000000001000.$proc$ice40/uart/uart_tx.v:70$508'.
Removing empty process `$paramod\uart_tx\DATA_WIDTH=s32'00000000000000000000000000001000.$proc$ice40/uart/uart_tx.v:69$507'.
Removing empty process `$paramod\uart_tx\DATA_WIDTH=s32'00000000000000000000000000001000.$proc$ice40/uart/uart_tx.v:67$506'.
Removing empty process `$paramod\uart_tx\DATA_WIDTH=s32'00000000000000000000000000001000.$proc$ice40/uart/uart_tx.v:65$505'.
Removing empty process `$paramod\uart_tx\DATA_WIDTH=s32'00000000000000000000000000001000.$proc$ice40/uart/uart_tx.v:63$504'.
Found and cleaned up 6 empty switches in `$paramod\uart_tx\DATA_WIDTH=s32'00000000000000000000000000001000.$proc$ice40/uart/uart_tx.v:78$490'.
Removing empty process `$paramod\uart_tx\DATA_WIDTH=s32'00000000000000000000000000001000.$proc$ice40/uart/uart_tx.v:78$490'.
Removing empty process `$paramod\uart_rx\DATA_WIDTH=s32'00000000000000000000000000001000.$proc$ice40/uart/uart_rx.v:77$489'.
Removing empty process `$paramod\uart_rx\DATA_WIDTH=s32'00000000000000000000000000001000.$proc$ice40/uart/uart_rx.v:76$488'.
Removing empty process `$paramod\uart_rx\DATA_WIDTH=s32'00000000000000000000000000001000.$proc$ice40/uart/uart_rx.v:75$487'.
Removing empty process `$paramod\uart_rx\DATA_WIDTH=s32'00000000000000000000000000001000.$proc$ice40/uart/uart_rx.v:73$486'.
Removing empty process `$paramod\uart_rx\DATA_WIDTH=s32'00000000000000000000000000001000.$proc$ice40/uart/uart_rx.v:72$485'.
Removing empty process `$paramod\uart_rx\DATA_WIDTH=s32'00000000000000000000000000001000.$proc$ice40/uart/uart_rx.v:71$484'.
Removing empty process `$paramod\uart_rx\DATA_WIDTH=s32'00000000000000000000000000001000.$proc$ice40/uart/uart_rx.v:69$483'.
Removing empty process `$paramod\uart_rx\DATA_WIDTH=s32'00000000000000000000000000001000.$proc$ice40/uart/uart_rx.v:67$482'.
Removing empty process `$paramod\uart_rx\DATA_WIDTH=s32'00000000000000000000000000001000.$proc$ice40/uart/uart_rx.v:66$481'.
Found and cleaned up 10 empty switches in `$paramod\uart_rx\DATA_WIDTH=s32'00000000000000000000000000001000.$proc$ice40/uart/uart_rx.v:86$462'.
Removing empty process `$paramod\uart_rx\DATA_WIDTH=s32'00000000000000000000000000001000.$proc$ice40/uart/uart_rx.v:86$462'.
Removing empty process `$paramod$3a27a7ef4134db216579049f5bf139efdf87d1e6\internalBus.$proc$source/dataflow/internal_bus.sv:0$461'.
Found and cleaned up 1 empty switch in `$paramod$3a27a7ef4134db216579049f5bf139efdf87d1e6\internalBus.$proc$source/dataflow/internal_bus.sv:0$458'.
Removing empty process `$paramod$3a27a7ef4134db216579049f5bf139efdf87d1e6\internalBus.$proc$source/dataflow/internal_bus.sv:0$458'.
Removing empty process `reset_on_start.$proc$ice40/ice40hx8k.sv:129$23'.
Found and cleaned up 5 empty switches in `\reset_on_start.$proc$ice40/ice40hx8k.sv:131$16'.
Removing empty process `reset_on_start.$proc$ice40/ice40hx8k.sv:131$16'.
Removing empty process `ice40hx8k.$proc$ice40/ice40hx8k.sv:13$14'.
Removing empty process `ice40hx8k.$proc$ice40/ice40hx8k.sv:12$13'.
Removing empty process `ice40hx8k.$proc$ice40/ice40hx8k.sv:104$9'.
Removing empty process `ice40hx8k.$proc$ice40/ice40hx8k.sv:98$7'.
Found and cleaned up 1 empty switch in `\ice40hx8k.$proc$ice40/ice40hx8k.sv:14$1'.
Removing empty process `ice40hx8k.$proc$ice40/ice40hx8k.sv:14$1'.
Cleaned up 41 empty switches.

7.3.12. Executing OPT_EXPR pass (perform const folding).
Optimizing module $paramod\uart_tx\DATA_WIDTH=s32'00000000000000000000000000001000.
<suppressed ~4 debug messages>
Optimizing module $paramod\uart_rx\DATA_WIDTH=s32'00000000000000000000000000001000.
<suppressed ~9 debug messages>
Optimizing module uart.
Optimizing module $paramod$3a27a7ef4134db216579049f5bf139efdf87d1e6\internalBus.
<suppressed ~1 debug messages>
Optimizing module top.
Optimizing module reset_on_start.
<suppressed ~2 debug messages>
Optimizing module ice40hx8k.

7.4. Executing FLATTEN pass (flatten design).
Deleting now unused module $paramod\uart_tx\DATA_WIDTH=s32'00000000000000000000000000001000.
Deleting now unused module $paramod\uart_rx\DATA_WIDTH=s32'00000000000000000000000000001000.
Deleting now unused module uart.
Deleting now unused module $paramod$3a27a7ef4134db216579049f5bf139efdf87d1e6\internalBus.
Deleting now unused module top.
Deleting now unused module reset_on_start.
<suppressed ~6 debug messages>

7.5. Executing TRIBUF pass.

7.6. Executing DEMINOUT pass (demote inout ports to input or output).

7.7. Executing OPT_EXPR pass (perform const folding).
Optimizing module ice40hx8k.
<suppressed ~20 debug messages>

7.8. Executing OPT_CLEAN pass (remove unused cells and wires).
Finding unused cells or wires in module \ice40hx8k..
Removed 95 unused cells and 290 unused wires.
<suppressed ~136 debug messages>

7.9. Executing CHECK pass (checking for obvious problems).
Checking module ice40hx8k...
Warning: Wire ice40hx8k.\ss7 [7] is used but has no driver.
Warning: Wire ice40hx8k.\ss7 [6] is used but has no driver.
Warning: Wire ice40hx8k.\ss7 [5] is used but has no driver.
Warning: Wire ice40hx8k.\ss7 [4] is used but has no driver.
Warning: Wire ice40hx8k.\ss7 [3] is used but has no driver.
Warning: Wire ice40hx8k.\ss7 [2] is used but has no driver.
Warning: Wire ice40hx8k.\ss7 [1] is used but has no driver.
Warning: Wire ice40hx8k.\ss7 [0] is used but has no driver.
Warning: Wire ice40hx8k.\ss6 [7] is used but has no driver.
Warning: Wire ice40hx8k.\ss6 [6] is used but has no driver.
Warning: Wire ice40hx8k.\ss6 [5] is used but has no driver.
Warning: Wire ice40hx8k.\ss6 [4] is used but has no driver.
Warning: Wire ice40hx8k.\ss6 [3] is used but has no driver.
Warning: Wire ice40hx8k.\ss6 [2] is used but has no driver.
Warning: Wire ice40hx8k.\ss6 [1] is used but has no driver.
Warning: Wire ice40hx8k.\ss6 [0] is used but has no driver.
Warning: Wire ice40hx8k.\ss5 [7] is used but has no driver.
Warning: Wire ice40hx8k.\ss5 [6] is used but has no driver.
Warning: Wire ice40hx8k.\ss5 [5] is used but has no driver.
Warning: Wire ice40hx8k.\ss5 [4] is used but has no driver.
Warning: Wire ice40hx8k.\ss5 [3] is used but has no driver.
Warning: Wire ice40hx8k.\ss5 [2] is used but has no driver.
Warning: Wire ice40hx8k.\ss5 [1] is used but has no driver.
Warning: Wire ice40hx8k.\ss5 [0] is used but has no driver.
Warning: Wire ice40hx8k.\ss4 [7] is used but has no driver.
Warning: Wire ice40hx8k.\ss4 [6] is used but has no driver.
Warning: Wire ice40hx8k.\ss4 [5] is used but has no driver.
Warning: Wire ice40hx8k.\ss4 [4] is used but has no driver.
Warning: Wire ice40hx8k.\ss4 [3] is used but has no driver.
Warning: Wire ice40hx8k.\ss4 [2] is used but has no driver.
Warning: Wire ice40hx8k.\ss4 [1] is used but has no driver.
Warning: Wire ice40hx8k.\ss4 [0] is used but has no driver.
Warning: Wire ice40hx8k.\ss3 [7] is used but has no driver.
Warning: Wire ice40hx8k.\ss3 [6] is used but has no driver.
Warning: Wire ice40hx8k.\ss3 [5] is used but has no driver.
Warning: Wire ice40hx8k.\ss3 [4] is used but has no driver.
Warning: Wire ice40hx8k.\ss3 [3] is used but has no driver.
Warning: Wire ice40hx8k.\ss3 [2] is used but has no driver.
Warning: Wire ice40hx8k.\ss3 [1] is used but has no driver.
Warning: Wire ice40hx8k.\ss3 [0] is used but has no driver.
Warning: Wire ice40hx8k.\ss2 [7] is used but has no driver.
Warning: Wire ice40hx8k.\ss2 [6] is used but has no driver.
Warning: Wire ice40hx8k.\ss2 [5] is used but has no driver.
Warning: Wire ice40hx8k.\ss2 [4] is used but has no driver.
Warning: Wire ice40hx8k.\ss2 [3] is used but has no driver.
Warning: Wire ice40hx8k.\ss2 [2] is used but has no driver.
Warning: Wire ice40hx8k.\ss2 [1] is used but has no driver.
Warning: Wire ice40hx8k.\ss2 [0] is used but has no driver.
Warning: Wire ice40hx8k.\ss1 [7] is used but has no driver.
Warning: Wire ice40hx8k.\ss1 [6] is used but has no driver.
Warning: Wire ice40hx8k.\ss1 [5] is used but has no driver.
Warning: Wire ice40hx8k.\ss1 [4] is used but has no driver.
Warning: Wire ice40hx8k.\ss1 [3] is used but has no driver.
Warning: Wire ice40hx8k.\ss1 [2] is used but has no driver.
Warning: Wire ice40hx8k.\ss1 [1] is used but has no driver.
Warning: Wire ice40hx8k.\ss1 [0] is used but has no driver.
Warning: Wire ice40hx8k.\ss0 [7] is used but has no driver.
Warning: Wire ice40hx8k.\ss0 [6] is used but has no driver.
Warning: Wire ice40hx8k.\ss0 [5] is used but has no driver.
Warning: Wire ice40hx8k.\ss0 [4] is used but has no driver.
Warning: Wire ice40hx8k.\ss0 [3] is used but has no driver.
Warning: Wire ice40hx8k.\ss0 [2] is used but has no driver.
Warning: Wire ice40hx8k.\ss0 [1] is used but has no driver.
Warning: Wire ice40hx8k.\ss0 [0] is used but has no driver.
Warning: Wire ice40hx8k.\right [7] is used but has no driver.
Warning: Wire ice40hx8k.\right [6] is used but has no driver.
Warning: Wire ice40hx8k.\right [5] is used but has no driver.
Warning: Wire ice40hx8k.\right [4] is used but has no driver.
Warning: Wire ice40hx8k.\right [3] is used but has no driver.
Warning: Wire ice40hx8k.\right [2] is used but has no driver.
Warning: Wire ice40hx8k.\right [1] is used but has no driver.
Warning: Wire ice40hx8k.\right [0] is used but has no driver.
Warning: Wire ice40hx8k.\red is used but has no driver.
Warning: Wire ice40hx8k.\green is used but has no driver.
Warning: Wire ice40hx8k.\blue is used but has no driver.
Warning: Wire ice40hx8k.\txclk is used but has no driver.
Warning: Wire ice40hx8k.\uart_inst.uart_tx_inst.input_axis_tdata [7] is used but has no driver.
Warning: Wire ice40hx8k.\uart_inst.uart_tx_inst.input_axis_tdata [6] is used but has no driver.
Warning: Wire ice40hx8k.\uart_inst.uart_tx_inst.input_axis_tdata [5] is used but has no driver.
Warning: Wire ice40hx8k.\uart_inst.uart_tx_inst.input_axis_tdata [4] is used but has no driver.
Warning: Wire ice40hx8k.\uart_inst.uart_tx_inst.input_axis_tdata [3] is used but has no driver.
Warning: Wire ice40hx8k.\uart_inst.uart_tx_inst.input_axis_tdata [2] is used but has no driver.
Warning: Wire ice40hx8k.\uart_inst.uart_tx_inst.input_axis_tdata [1] is used but has no driver.
Warning: Wire ice40hx8k.\uart_inst.uart_tx_inst.input_axis_tdata [0] is used but has no driver.
Found and reported 84 problems.

7.10. Executing OPT pass (performing simple optimizations).

7.10.1. Executing OPT_EXPR pass (perform const folding).
Optimizing module ice40hx8k.

7.10.2. Executing OPT_MERGE pass (detect identical cells).
Finding identical cells in module `\ice40hx8k'.
<suppressed ~3 debug messages>
Removed a total of 1 cells.

7.10.3. Executing OPT_MUXTREE pass (detect dead branches in mux trees).
Running muxtree optimizer on module \ice40hx8k..
  Creating internal representation of mux trees.
  Evaluating internal representation of mux trees.
  Analyzing evaluation results.
Removed 0 multiplexer ports.
<suppressed ~6 debug messages>

7.10.4. Executing OPT_REDUCE pass (consolidate $*mux and $reduce_* inputs).
  Optimizing cells in module \ice40hx8k.
Performed a total of 0 changes.

7.10.5. Executing OPT_MERGE pass (detect identical cells).
Finding identical cells in module `\ice40hx8k'.
Removed a total of 0 cells.

7.10.6. Executing OPT_DFF pass (perform DFF optimizations).

7.10.7. Executing OPT_CLEAN pass (remove unused cells and wires).
Finding unused cells or wires in module \ice40hx8k..
Removed 0 unused cells and 1 unused wires.
<suppressed ~1 debug messages>

7.10.8. Executing OPT_EXPR pass (perform const folding).
Optimizing module ice40hx8k.

7.10.9. Rerunning OPT passes. (Maybe there is more to do..)

7.10.10. Executing OPT_MUXTREE pass (detect dead branches in mux trees).
Running muxtree optimizer on module \ice40hx8k..
  Creating internal representation of mux trees.
  Evaluating internal representation of mux trees.
  Analyzing evaluation results.
Removed 0 multiplexer ports.
<suppressed ~6 debug messages>

7.10.11. Executing OPT_REDUCE pass (consolidate $*mux and $reduce_* inputs).
  Optimizing cells in module \ice40hx8k.
Performed a total of 0 changes.

7.10.12. Executing OPT_MERGE pass (detect identical cells).
Finding identical cells in module `\ice40hx8k'.
Removed a total of 0 cells.

7.10.13. Executing OPT_DFF pass (perform DFF optimizations).

7.10.14. Executing OPT_CLEAN pass (remove unused cells and wires).
Finding unused cells or wires in module \ice40hx8k..

7.10.15. Executing OPT_EXPR pass (perform const folding).
Optimizing module ice40hx8k.

7.10.16. Finished OPT passes. (There is nothing left to do.)

7.11. Executing FSM pass (extract and optimize FSM).

7.11.1. Executing FSM_DETECT pass (finding FSMs in design).

7.11.2. Executing FSM_EXTRACT pass (extracting FSM from design).

7.11.3. Executing FSM_OPT pass (simple optimizations of FSMs).

7.11.4. Executing OPT_CLEAN pass (remove unused cells and wires).
Finding unused cells or wires in module \ice40hx8k..

7.11.5. Executing FSM_OPT pass (simple optimizations of FSMs).

7.11.6. Executing FSM_RECODE pass (re-assigning FSM state encoding).

7.11.7. Executing FSM_INFO pass (dumping all available information on FSM cells).

7.11.8. Executing FSM_MAP pass (mapping FSMs to basic logic).

7.12. Executing OPT pass (performing simple optimizations).

7.12.1. Executing OPT_EXPR pass (perform const folding).
Optimizing module ice40hx8k.

7.12.2. Executing OPT_MERGE pass (detect identical cells).
Finding identical cells in module `\ice40hx8k'.
Removed a total of 0 cells.

7.12.3. Executing OPT_MUXTREE pass (detect dead branches in mux trees).
Running muxtree optimizer on module \ice40hx8k..
  Creating internal representation of mux trees.
  Evaluating internal representation of mux trees.
  Analyzing evaluation results.
Removed 0 multiplexer ports.
<suppressed ~6 debug messages>

7.12.4. Executing OPT_REDUCE pass (consolidate $*mux and $reduce_* inputs).
  Optimizing cells in module \ice40hx8k.
Performed a total of 0 changes.

7.12.5. Executing OPT_MERGE pass (detect identical cells).
Finding identical cells in module `\ice40hx8k'.
Removed a total of 0 cells.

7.12.6. Executing OPT_DFF pass (perform DFF optimizations).
Adding EN signal on $flatten\uart_inst.\uart_tx_inst.$procdff$843 ($dff) from module ice40hx8k (D = $flatten\uart_inst.\uart_tx_inst.$procmux$619_Y, Q = \uart_inst.uart_tx_inst.bit_cnt).
Adding EN signal on $flatten\uart_inst.\uart_tx_inst.$procdff$842 ($dff) from module ice40hx8k (D = $flatten\uart_inst.\uart_tx_inst.$0\prescale_reg[18:0], Q = \uart_inst.uart_tx_inst.prescale_reg).
Adding EN signal on $flatten\uart_inst.\uart_tx_inst.$procdff$841 ($dff) from module ice40hx8k (D = $flatten\uart_inst.\uart_tx_inst.$procmux$560_Y, Q = \uart_inst.uart_tx_inst.data_reg).
Adding EN signal on $flatten\uart_inst.\uart_tx_inst.$procdff$839 ($dff) from module ice40hx8k (D = $flatten\uart_inst.\uart_tx_inst.$procmux$592_Y, Q = \uart_inst.uart_tx_inst.txd_reg).
Adding SRST signal on $flatten\uart_inst.\uart_tx_inst.$procdff$838 ($dff) from module ice40hx8k (D = $flatten\uart_inst.\uart_tx_inst.$procmux$630_Y, Q = \uart_inst.uart_tx_inst.input_axis_tready_reg, rval = 1'0).
Adding EN signal on $auto$ff.cc:266:slice$892 ($sdff) from module ice40hx8k (D = $flatten\uart_inst.\uart_tx_inst.$procmux$628_Y, Q = \uart_inst.uart_tx_inst.input_axis_tready_reg).

7.12.7. Executing OPT_CLEAN pass (remove unused cells and wires).
Finding unused cells or wires in module \ice40hx8k..
Removed 5 unused cells and 5 unused wires.
<suppressed ~6 debug messages>

7.12.8. Executing OPT_EXPR pass (perform const folding).
Optimizing module ice40hx8k.
<suppressed ~4 debug messages>

7.12.9. Rerunning OPT passes. (Maybe there is more to do..)

7.12.10. Executing OPT_MUXTREE pass (detect dead branches in mux trees).
Running muxtree optimizer on module \ice40hx8k..
  Creating internal representation of mux trees.
  Evaluating internal representation of mux trees.
  Analyzing evaluation results.
Removed 0 multiplexer ports.
<suppressed ~6 debug messages>

7.12.11. Executing OPT_REDUCE pass (consolidate $*mux and $reduce_* inputs).
  Optimizing cells in module \ice40hx8k.
Performed a total of 0 changes.

7.12.12. Executing OPT_MERGE pass (detect identical cells).
Finding identical cells in module `\ice40hx8k'.
<suppressed ~18 debug messages>
Removed a total of 6 cells.

7.12.13. Executing OPT_DFF pass (perform DFF optimizations).

7.12.14. Executing OPT_CLEAN pass (remove unused cells and wires).
Finding unused cells or wires in module \ice40hx8k..
Removed 0 unused cells and 6 unused wires.
<suppressed ~1 debug messages>

7.12.15. Executing OPT_EXPR pass (perform const folding).
Optimizing module ice40hx8k.

7.12.16. Rerunning OPT passes. (Maybe there is more to do..)

7.12.17. Executing OPT_MUXTREE pass (detect dead branches in mux trees).
Running muxtree optimizer on module \ice40hx8k..
  Creating internal representation of mux trees.
  Evaluating internal representation of mux trees.
  Analyzing evaluation results.
Removed 0 multiplexer ports.
<suppressed ~6 debug messages>

7.12.18. Executing OPT_REDUCE pass (consolidate $*mux and $reduce_* inputs).
  Optimizing cells in module \ice40hx8k.
Performed a total of 0 changes.

7.12.19. Executing OPT_MERGE pass (detect identical cells).
Finding identical cells in module `\ice40hx8k'.
Removed a total of 0 cells.

7.12.20. Executing OPT_DFF pass (perform DFF optimizations).

7.12.21. Executing OPT_CLEAN pass (remove unused cells and wires).
Finding unused cells or wires in module \ice40hx8k..

7.12.22. Executing OPT_EXPR pass (perform const folding).
Optimizing module ice40hx8k.

7.12.23. Finished OPT passes. (There is nothing left to do.)

7.13. Executing WREDUCE pass (reducing word size of cells).
Removed top 31 bits (of 32) from port B of cell ice40hx8k.$flatten\uart_inst.\uart_tx_inst.$sub$ice40/uart/uart_tx.v:88$492 ($sub).
Removed top 13 bits (of 32) from port Y of cell ice40hx8k.$flatten\uart_inst.\uart_tx_inst.$sub$ice40/uart/uart_tx.v:88$492 ($sub).
Removed top 31 bits (of 32) from port B of cell ice40hx8k.$flatten\uart_inst.\uart_tx_inst.$gt$ice40/uart/uart_tx.v:102$497 ($gt).
Removed top 31 bits (of 32) from port B of cell ice40hx8k.$flatten\uart_inst.\uart_tx_inst.$sub$ice40/uart/uart_tx.v:103$498 ($sub).
Removed top 28 bits (of 32) from port Y of cell ice40hx8k.$flatten\uart_inst.\uart_tx_inst.$sub$ice40/uart/uart_tx.v:103$498 ($sub).
Removed top 3 bits (of 4) from port B of cell ice40hx8k.$flatten\uart_inst.\uart_tx_inst.$eq$ice40/uart/uart_tx.v:106$501 ($eq).
Removed top 31 bits (of 32) from port B of cell ice40hx8k.$flatten\uart_inst.\uart_tx_inst.$gt$ice40/uart/uart_tx.v:86$491 ($gt).
Removed top 1 bits (of 2) from port B of cell ice40hx8k.$flatten\top_inst.\bus.$procmux$796_CMP0 ($eq).
Removed top 28 bits (of 32) from wire ice40hx8k.$flatten\uart_inst.\uart_tx_inst.$sub$ice40/uart/uart_tx.v:103$498_Y.

7.14. Executing PEEPOPT pass (run peephole optimizers).

7.15. Executing OPT_CLEAN pass (remove unused cells and wires).
Finding unused cells or wires in module \ice40hx8k..
Removed 0 unused cells and 1 unused wires.
<suppressed ~1 debug messages>

7.16. Executing SHARE pass (SAT-based resource sharing).

7.17. Executing TECHMAP pass (map to technology primitives).

7.17.1. Executing Verilog-2005 frontend: /home/shay/a/ece270/bin/../share/yosys/cmp2lut.v
Parsing Verilog input from `/home/shay/a/ece270/bin/../share/yosys/cmp2lut.v' to AST representation.
Generating RTLIL representation for module `\_90_lut_cmp_'.
Successfully finished Verilog frontend.

7.17.2. Continuing TECHMAP pass.
Using template $paramod$106e7676feb63f00b8f79ebab3ff16b0f4c109cb\_90_lut_cmp_ for cells of type $gt.
No more expansions possible.
<suppressed ~66 debug messages>

7.18. Executing OPT_EXPR pass (perform const folding).
Optimizing module ice40hx8k.

7.19. Executing OPT_CLEAN pass (remove unused cells and wires).
Finding unused cells or wires in module \ice40hx8k..
Removed 0 unused cells and 3 unused wires.
<suppressed ~1 debug messages>

7.20. Executing ALUMACC pass (create $alu and $macc cells).
Extracting $alu and $macc cells in module ice40hx8k:
  creating $macc model for $flatten\uart_inst.\uart_tx_inst.$sub$ice40/uart/uart_tx.v:103$498 ($sub).
  creating $macc model for $flatten\uart_inst.\uart_tx_inst.$sub$ice40/uart/uart_tx.v:88$492 ($sub).
  creating $alu model for $macc $flatten\uart_inst.\uart_tx_inst.$sub$ice40/uart/uart_tx.v:88$492.
  creating $alu model for $macc $flatten\uart_inst.\uart_tx_inst.$sub$ice40/uart/uart_tx.v:103$498.
  creating $alu model for $flatten\uart_inst.\uart_tx_inst.$gt$ice40/uart/uart_tx.v:86$491 ($gt): new $alu
  creating $alu cell for $flatten\uart_inst.\uart_tx_inst.$gt$ice40/uart/uart_tx.v:86$491: $auto$alumacc.cc:485:replace_alu$899
  creating $alu cell for $flatten\uart_inst.\uart_tx_inst.$sub$ice40/uart/uart_tx.v:103$498: $auto$alumacc.cc:485:replace_alu$904
  creating $alu cell for $flatten\uart_inst.\uart_tx_inst.$sub$ice40/uart/uart_tx.v:88$492: $auto$alumacc.cc:485:replace_alu$907
  created 3 $alu and 0 $macc cells.

7.21. Executing OPT pass (performing simple optimizations).

7.21.1. Executing OPT_EXPR pass (perform const folding).
Optimizing module ice40hx8k.
<suppressed ~3 debug messages>

7.21.2. Executing OPT_MERGE pass (detect identical cells).
Finding identical cells in module `\ice40hx8k'.
Removed a total of 0 cells.

7.21.3. Executing OPT_MUXTREE pass (detect dead branches in mux trees).
Running muxtree optimizer on module \ice40hx8k..
  Creating internal representation of mux trees.
  Evaluating internal representation of mux trees.
  Analyzing evaluation results.
Removed 0 multiplexer ports.
<suppressed ~6 debug messages>

7.21.4. Executing OPT_REDUCE pass (consolidate $*mux and $reduce_* inputs).
  Optimizing cells in module \ice40hx8k.
Performed a total of 0 changes.

7.21.5. Executing OPT_MERGE pass (detect identical cells).
Finding identical cells in module `\ice40hx8k'.
Removed a total of 0 cells.

7.21.6. Executing OPT_DFF pass (perform DFF optimizations).

7.21.7. Executing OPT_CLEAN pass (remove unused cells and wires).
Finding unused cells or wires in module \ice40hx8k..
Removed 0 unused cells and 2 unused wires.
<suppressed ~1 debug messages>

7.21.8. Executing OPT_EXPR pass (perform const folding).
Optimizing module ice40hx8k.

7.21.9. Rerunning OPT passes. (Maybe there is more to do..)

7.21.10. Executing OPT_MUXTREE pass (detect dead branches in mux trees).
Running muxtree optimizer on module \ice40hx8k..
  Creating internal representation of mux trees.
  Evaluating internal representation of mux trees.
  Analyzing evaluation results.
Removed 0 multiplexer ports.
<suppressed ~6 debug messages>

7.21.11. Executing OPT_REDUCE pass (consolidate $*mux and $reduce_* inputs).
  Optimizing cells in module \ice40hx8k.
Performed a total of 0 changes.

7.21.12. Executing OPT_MERGE pass (detect identical cells).
Finding identical cells in module `\ice40hx8k'.
Removed a total of 0 cells.

7.21.13. Executing OPT_DFF pass (perform DFF optimizations).

7.21.14. Executing OPT_CLEAN pass (remove unused cells and wires).
Finding unused cells or wires in module \ice40hx8k..

7.21.15. Executing OPT_EXPR pass (perform const folding).
Optimizing module ice40hx8k.

7.21.16. Finished OPT passes. (There is nothing left to do.)

7.22. Executing MEMORY pass.

7.22.1. Executing OPT_MEM pass (optimize memories).
Performed a total of 0 transformations.

7.22.2. Executing OPT_MEM_PRIORITY pass (removing unnecessary memory write priority relations).
Performed a total of 0 transformations.

7.22.3. Executing OPT_MEM_FEEDBACK pass (finding memory read-to-write feedback paths).

7.22.4. Executing MEMORY_BMUX2ROM pass (converting muxes to ROMs).

7.22.5. Executing MEMORY_DFF pass (merging $dff cells to $memrd).

7.22.6. Executing OPT_CLEAN pass (remove unused cells and wires).
Finding unused cells or wires in module \ice40hx8k..

7.22.7. Executing MEMORY_SHARE pass (consolidating $memrd/$memwr cells).

7.22.8. Executing OPT_MEM_WIDEN pass (optimize memories where all ports are wide).
Performed a total of 0 transformations.

7.22.9. Executing OPT_CLEAN pass (remove unused cells and wires).
Finding unused cells or wires in module \ice40hx8k..

7.22.10. Executing MEMORY_COLLECT pass (generating $mem cells).

7.23. Executing OPT_CLEAN pass (remove unused cells and wires).
Finding unused cells or wires in module \ice40hx8k..

7.24. Executing MEMORY_LIBMAP pass (mapping memories to cells).

7.25. Executing TECHMAP pass (map to technology primitives).

7.25.1. Executing Verilog-2005 frontend: /home/shay/a/ece270/bin/../share/yosys/ice40/brams_map.v
Parsing Verilog input from `/home/shay/a/ece270/bin/../share/yosys/ice40/brams_map.v' to AST representation.
Generating RTLIL representation for module `\$__ICE40_RAM4K_'.
Successfully finished Verilog frontend.

7.25.2. Executing Verilog-2005 frontend: /home/shay/a/ece270/bin/../share/yosys/ice40/spram_map.v
Parsing Verilog input from `/home/shay/a/ece270/bin/../share/yosys/ice40/spram_map.v' to AST representation.
Generating RTLIL representation for module `\$__ICE40_SPRAM_'.
Successfully finished Verilog frontend.

7.25.3. Continuing TECHMAP pass.
No more expansions possible.
<suppressed ~4 debug messages>

7.26. Executing ICE40_BRAMINIT pass.

7.27. Executing OPT pass (performing simple optimizations).

7.27.1. Executing OPT_EXPR pass (perform const folding).
Optimizing module ice40hx8k.
<suppressed ~43 debug messages>

7.27.2. Executing OPT_MERGE pass (detect identical cells).
Finding identical cells in module `\ice40hx8k'.
Removed a total of 0 cells.

7.27.3. Executing OPT_DFF pass (perform DFF optimizations).
Handling const CLK on $procdff$855 ($adff) from module ice40hx8k (removing D path).
Adding SRST signal on $auto$ff.cc:266:slice$883 ($dffe) from module ice40hx8k (D = $flatten\uart_inst.\uart_tx_inst.$procmux$587_Y, Q = \uart_inst.uart_tx_inst.txd_reg, rval = 1'0).
Adding SRST signal on $auto$ff.cc:266:slice$874 ($dffe) from module ice40hx8k (D = $flatten\uart_inst.\uart_tx_inst.$procmux$555_Y [8], Q = \uart_inst.uart_tx_inst.data_reg [8], rval = 1'1).
Adding SRST signal on $auto$ff.cc:266:slice$858 ($dffe) from module ice40hx8k (D = $flatten\uart_inst.\uart_tx_inst.$procmux$614_Y, Q = \uart_inst.uart_tx_inst.bit_cnt, rval = 4'1001).
Setting constant 0-bit at position 0 on $procdff$855 ($dlatch) from module ice40hx8k.

7.27.4. Executing OPT_CLEAN pass (remove unused cells and wires).
Finding unused cells or wires in module \ice40hx8k..
Removed 6 unused cells and 19 unused wires.
<suppressed ~12 debug messages>

7.27.5. Rerunning OPT passes. (Removed registers in this run.)

7.27.6. Executing OPT_EXPR pass (perform const folding).
Optimizing module ice40hx8k.
<suppressed ~1 debug messages>

7.27.7. Executing OPT_MERGE pass (detect identical cells).
Finding identical cells in module `\ice40hx8k'.
Removed a total of 0 cells.

7.27.8. Executing OPT_DFF pass (perform DFF optimizations).

7.27.9. Executing OPT_CLEAN pass (remove unused cells and wires).
Finding unused cells or wires in module \ice40hx8k..

7.27.10. Finished fast OPT passes.

7.28. Executing MEMORY_MAP pass (converting memories to logic and flip-flops).

7.29. Executing OPT pass (performing simple optimizations).

7.29.1. Executing OPT_EXPR pass (perform const folding).
Optimizing module ice40hx8k.

7.29.2. Executing OPT_MERGE pass (detect identical cells).
Finding identical cells in module `\ice40hx8k'.
Removed a total of 0 cells.

7.29.3. Executing OPT_MUXTREE pass (detect dead branches in mux trees).
Running muxtree optimizer on module \ice40hx8k..
  Creating internal representation of mux trees.
  Evaluating internal representation of mux trees.
  Analyzing evaluation results.
Removed 0 multiplexer ports.
<suppressed ~4 debug messages>

7.29.4. Executing OPT_REDUCE pass (consolidate $*mux and $reduce_* inputs).
  Optimizing cells in module \ice40hx8k.
    Consolidated identical input bits for $mux cell $flatten\uart_inst.\uart_tx_inst.$procmux$571:
      Old ports: A=19'0000000000000100000, B=19'0000000000000011111, Y=$flatten\uart_inst.\uart_tx_inst.$procmux$571_Y
      New ports: A=2'10, B=2'01, Y={ $flatten\uart_inst.\uart_tx_inst.$procmux$571_Y [5] $flatten\uart_inst.\uart_tx_inst.$procmux$571_Y [0] }
      New connections: { $flatten\uart_inst.\uart_tx_inst.$procmux$571_Y [18:6] $flatten\uart_inst.\uart_tx_inst.$procmux$571_Y [4:1] } = { 13'0000000000000 $flatten\uart_inst.\uart_tx_inst.$procmux$571_Y [0] $flatten\uart_inst.\uart_tx_inst.$procmux$571_Y [0] $flatten\uart_inst.\uart_tx_inst.$procmux$571_Y [0] $flatten\uart_inst.\uart_tx_inst.$procmux$571_Y [0] }
  Optimizing cells in module \ice40hx8k.
    Consolidated identical input bits for $mux cell $flatten\uart_inst.\uart_tx_inst.$procmux$576:
      Old ports: A=$flatten\uart_inst.\uart_tx_inst.$procmux$571_Y, B=19'0000000000000011111, Y=$flatten\uart_inst.\uart_tx_inst.$procmux$576_Y
      New ports: A={ $flatten\uart_inst.\uart_tx_inst.$procmux$571_Y [5] $flatten\uart_inst.\uart_tx_inst.$procmux$571_Y [0] }, B=2'01, Y={ $flatten\uart_inst.\uart_tx_inst.$procmux$576_Y [5] $flatten\uart_inst.\uart_tx_inst.$procmux$576_Y [0] }
      New connections: { $flatten\uart_inst.\uart_tx_inst.$procmux$576_Y [18:6] $flatten\uart_inst.\uart_tx_inst.$procmux$576_Y [4:1] } = { 13'0000000000000 $flatten\uart_inst.\uart_tx_inst.$procmux$576_Y [0] $flatten\uart_inst.\uart_tx_inst.$procmux$576_Y [0] $flatten\uart_inst.\uart_tx_inst.$procmux$576_Y [0] $flatten\uart_inst.\uart_tx_inst.$procmux$576_Y [0] }
  Optimizing cells in module \ice40hx8k.
Performed a total of 2 changes.

7.29.5. Executing OPT_MERGE pass (detect identical cells).
Finding identical cells in module `\ice40hx8k'.
Removed a total of 0 cells.

7.29.6. Executing OPT_DFF pass (perform DFF optimizations).

7.29.7. Executing OPT_CLEAN pass (remove unused cells and wires).
Finding unused cells or wires in module \ice40hx8k..

7.29.8. Executing OPT_EXPR pass (perform const folding).
Optimizing module ice40hx8k.

7.29.9. Rerunning OPT passes. (Maybe there is more to do..)

7.29.10. Executing OPT_MUXTREE pass (detect dead branches in mux trees).
Running muxtree optimizer on module \ice40hx8k..
  Creating internal representation of mux trees.
  Evaluating internal representation of mux trees.
  Analyzing evaluation results.
Removed 0 multiplexer ports.
<suppressed ~4 debug messages>

7.29.11. Executing OPT_REDUCE pass (consolidate $*mux and $reduce_* inputs).
  Optimizing cells in module \ice40hx8k.
Performed a total of 0 changes.

7.29.12. Executing OPT_MERGE pass (detect identical cells).
Finding identical cells in module `\ice40hx8k'.
Removed a total of 0 cells.

7.29.13. Executing OPT_DFF pass (perform DFF optimizations).
Adding SRST signal on $auto$ff.cc:266:slice$867 ($dffe) from module ice40hx8k (D = $flatten\uart_inst.\uart_tx_inst.$sub$ice40/uart/uart_tx.v:88$492_Y [18:6], Q = \uart_inst.uart_tx_inst.prescale_reg [18:6], rval = 13'0000000000000).

7.29.14. Executing OPT_CLEAN pass (remove unused cells and wires).
Finding unused cells or wires in module \ice40hx8k..

7.29.15. Executing OPT_EXPR pass (perform const folding).
Optimizing module ice40hx8k.

7.29.16. Rerunning OPT passes. (Maybe there is more to do..)

7.29.17. Executing OPT_MUXTREE pass (detect dead branches in mux trees).
Running muxtree optimizer on module \ice40hx8k..
  Creating internal representation of mux trees.
  Evaluating internal representation of mux trees.
  Analyzing evaluation results.
Removed 0 multiplexer ports.
<suppressed ~4 debug messages>

7.29.18. Executing OPT_REDUCE pass (consolidate $*mux and $reduce_* inputs).
  Optimizing cells in module \ice40hx8k.
Performed a total of 0 changes.

7.29.19. Executing OPT_MERGE pass (detect identical cells).
Finding identical cells in module `\ice40hx8k'.
Removed a total of 0 cells.

7.29.20. Executing OPT_DFF pass (perform DFF optimizations).

7.29.21. Executing OPT_CLEAN pass (remove unused cells and wires).
Finding unused cells or wires in module \ice40hx8k..

7.29.22. Executing OPT_EXPR pass (perform const folding).
Optimizing module ice40hx8k.

7.29.23. Finished OPT passes. (There is nothing left to do.)

7.30. Executing ICE40_WRAPCARRY pass (wrap carries).

7.31. Executing TECHMAP pass (map to technology primitives).

7.31.1. Executing Verilog-2005 frontend: /home/shay/a/ece270/bin/../share/yosys/techmap.v
Parsing Verilog input from `/home/shay/a/ece270/bin/../share/yosys/techmap.v' to AST representation.
Generating RTLIL representation for module `\_90_simplemap_bool_ops'.
Generating RTLIL representation for module `\_90_simplemap_reduce_ops'.
Generating RTLIL representation for module `\_90_simplemap_logic_ops'.
Generating RTLIL representation for module `\_90_simplemap_compare_ops'.
Generating RTLIL representation for module `\_90_simplemap_various'.
Generating RTLIL representation for module `\_90_simplemap_registers'.
Generating RTLIL representation for module `\_90_shift_ops_shr_shl_sshl_sshr'.
Generating RTLIL representation for module `\_90_shift_shiftx'.
Generating RTLIL representation for module `\_90_fa'.
Generating RTLIL representation for module `\_90_lcu'.
Generating RTLIL representation for module `\_90_alu'.
Generating RTLIL representation for module `\_90_macc'.
Generating RTLIL representation for module `\_90_alumacc'.
Generating RTLIL representation for module `\$__div_mod_u'.
Generating RTLIL representation for module `\$__div_mod_trunc'.
Generating RTLIL representation for module `\_90_div'.
Generating RTLIL representation for module `\_90_mod'.
Generating RTLIL representation for module `\$__div_mod_floor'.
Generating RTLIL representation for module `\_90_divfloor'.
Generating RTLIL representation for module `\_90_modfloor'.
Generating RTLIL representation for module `\_90_pow'.
Generating RTLIL representation for module `\_90_pmux'.
Generating RTLIL representation for module `\_90_demux'.
Generating RTLIL representation for module `\_90_lut'.
Successfully finished Verilog frontend.

7.31.2. Executing Verilog-2005 frontend: /home/shay/a/ece270/bin/../share/yosys/ice40/arith_map.v
Parsing Verilog input from `/home/shay/a/ece270/bin/../share/yosys/ice40/arith_map.v' to AST representation.
Generating RTLIL representation for module `\_80_ice40_alu'.
Successfully finished Verilog frontend.

7.31.3. Continuing TECHMAP pass.
Using extmapper simplemap for cells of type $reduce_bool.
Using extmapper simplemap for cells of type $sdffce.
Using extmapper simplemap for cells of type $reduce_and.
Using extmapper simplemap for cells of type $lut.
Using template $paramod$20b1d0597707d55efcb9664e40f63985956d7680\_80_ice40_alu for cells of type $alu.
Using extmapper simplemap for cells of type $dffe.
Using extmapper simplemap for cells of type $logic_not.
Using template $paramod$3826c06832e910ed7e3a5e37dc9a6adea7917f5a\_80_ice40_alu for cells of type $alu.
Using extmapper simplemap for cells of type $eq.
Using extmapper simplemap for cells of type $mux.
Using template $paramod$8742280fdebca84e1c87f2a86ed84f62d558f4cc\_80_ice40_alu for cells of type $alu.
Using extmapper simplemap for cells of type $ne.
Using extmapper simplemap for cells of type $not.
Using template $paramod$97565c3687be688407d1272a293bd9d0ae6852dc\_90_pmux for cells of type $pmux.
Using extmapper simplemap for cells of type $pos.
Using extmapper simplemap for cells of type $xor.
Using extmapper simplemap for cells of type $reduce_or.
Using extmapper simplemap for cells of type $and.
No more expansions possible.
<suppressed ~195 debug messages>

7.32. Executing OPT pass (performing simple optimizations).

7.32.1. Executing OPT_EXPR pass (perform const folding).
Optimizing module ice40hx8k.
<suppressed ~152 debug messages>

7.32.2. Executing OPT_MERGE pass (detect identical cells).
Finding identical cells in module `\ice40hx8k'.
<suppressed ~69 debug messages>
Removed a total of 23 cells.

7.32.3. Executing OPT_DFF pass (perform DFF optimizations).

7.32.4. Executing OPT_CLEAN pass (remove unused cells and wires).
Finding unused cells or wires in module \ice40hx8k..
Removed 16 unused cells and 109 unused wires.
<suppressed ~17 debug messages>

7.32.5. Finished fast OPT passes.

7.33. Executing ICE40_OPT pass (performing simple optimizations).

7.33.1. Running ICE40 specific optimizations.
Optimized $__ICE40_CARRY_WRAPPER cell back to logic (without SB_CARRY) ice40hx8k.$auto$alumacc.cc:485:replace_alu$899.slice[0].carry: CO=$auto$alumacc.cc:485:replace_alu$899.BB [0]
Optimized $__ICE40_CARRY_WRAPPER cell back to logic (without SB_CARRY) ice40hx8k.$auto$alumacc.cc:485:replace_alu$904.slice[0].carry: CO=\uart_inst.uart_tx_inst.bit_cnt [0]
Optimized $__ICE40_CARRY_WRAPPER cell back to logic (without SB_CARRY) ice40hx8k.$auto$alumacc.cc:485:replace_alu$907.slice[0].carry: CO=\uart_inst.uart_tx_inst.prescale_reg [0]

7.33.2. Executing OPT_EXPR pass (perform const folding).
Optimizing module ice40hx8k.
<suppressed ~8 debug messages>

7.33.3. Executing OPT_MERGE pass (detect identical cells).
Finding identical cells in module `\ice40hx8k'.
Removed a total of 0 cells.

7.33.4. Executing OPT_DFF pass (perform DFF optimizations).

7.33.5. Executing OPT_CLEAN pass (remove unused cells and wires).
Finding unused cells or wires in module \ice40hx8k..
Removed 1 unused cells and 1 unused wires.
<suppressed ~2 debug messages>

7.33.6. Rerunning OPT passes. (Removed registers in this run.)

7.33.7. Running ICE40 specific optimizations.

7.33.8. Executing OPT_EXPR pass (perform const folding).
Optimizing module ice40hx8k.

7.33.9. Executing OPT_MERGE pass (detect identical cells).
Finding identical cells in module `\ice40hx8k'.
Removed a total of 0 cells.

7.33.10. Executing OPT_DFF pass (perform DFF optimizations).

7.33.11. Executing OPT_CLEAN pass (remove unused cells and wires).
Finding unused cells or wires in module \ice40hx8k..

7.33.12. Finished OPT passes. (There is nothing left to do.)

7.34. Executing DFFLEGALIZE pass (convert FFs to types supported by the target).

7.35. Executing TECHMAP pass (map to technology primitives).

7.35.1. Executing Verilog-2005 frontend: /home/shay/a/ece270/bin/../share/yosys/ice40/ff_map.v
Parsing Verilog input from `/home/shay/a/ece270/bin/../share/yosys/ice40/ff_map.v' to AST representation.
Generating RTLIL representation for module `\$_DFF_N_'.
Generating RTLIL representation for module `\$_DFF_P_'.
Generating RTLIL representation for module `\$_DFFE_NP_'.
Generating RTLIL representation for module `\$_DFFE_PP_'.
Generating RTLIL representation for module `\$_DFF_NP0_'.
Generating RTLIL representation for module `\$_DFF_NP1_'.
Generating RTLIL representation for module `\$_DFF_PP0_'.
Generating RTLIL representation for module `\$_DFF_PP1_'.
Generating RTLIL representation for module `\$_DFFE_NP0P_'.
Generating RTLIL representation for module `\$_DFFE_NP1P_'.
Generating RTLIL representation for module `\$_DFFE_PP0P_'.
Generating RTLIL representation for module `\$_DFFE_PP1P_'.
Generating RTLIL representation for module `\$_SDFF_NP0_'.
Generating RTLIL representation for module `\$_SDFF_NP1_'.
Generating RTLIL representation for module `\$_SDFF_PP0_'.
Generating RTLIL representation for module `\$_SDFF_PP1_'.
Generating RTLIL representation for module `\$_SDFFCE_NP0P_'.
Generating RTLIL representation for module `\$_SDFFCE_NP1P_'.
Generating RTLIL representation for module `\$_SDFFCE_PP0P_'.
Generating RTLIL representation for module `\$_SDFFCE_PP1P_'.
Successfully finished Verilog frontend.

7.35.2. Continuing TECHMAP pass.
Using template \$_DFFE_PP_ for cells of type $_DFFE_PP_.
Using template \$_SDFFCE_PP0P_ for cells of type $_SDFFCE_PP0P_.
Using template \$_SDFFCE_PP1P_ for cells of type $_SDFFCE_PP1P_.
No more expansions possible.
<suppressed ~55 debug messages>

7.36. Executing OPT_EXPR pass (perform const folding).
Optimizing module ice40hx8k.

7.37. Executing SIMPLEMAP pass (map simple cells to gate primitives).
Mapping ice40hx8k.$auto$alumacc.cc:485:replace_alu$904.slice[0].carry ($lut).
Mapping ice40hx8k.$auto$alumacc.cc:485:replace_alu$907.slice[0].carry ($lut).

7.38. Executing ICE40_OPT pass (performing simple optimizations).

7.38.1. Running ICE40 specific optimizations.

7.38.2. Executing OPT_EXPR pass (perform const folding).
Optimizing module ice40hx8k.
<suppressed ~29 debug messages>

7.38.3. Executing OPT_MERGE pass (detect identical cells).
Finding identical cells in module `\ice40hx8k'.
<suppressed ~30 debug messages>
Removed a total of 10 cells.

7.38.4. Executing OPT_DFF pass (perform DFF optimizations).

7.38.5. Executing OPT_CLEAN pass (remove unused cells and wires).
Finding unused cells or wires in module \ice40hx8k..
Removed 0 unused cells and 199 unused wires.
<suppressed ~1 debug messages>

7.38.6. Rerunning OPT passes. (Removed registers in this run.)

7.38.7. Running ICE40 specific optimizations.

7.38.8. Executing OPT_EXPR pass (perform const folding).
Optimizing module ice40hx8k.

7.38.9. Executing OPT_MERGE pass (detect identical cells).
Finding identical cells in module `\ice40hx8k'.
Removed a total of 0 cells.

7.38.10. Executing OPT_DFF pass (perform DFF optimizations).

7.38.11. Executing OPT_CLEAN pass (remove unused cells and wires).
Finding unused cells or wires in module \ice40hx8k..

7.38.12. Finished OPT passes. (There is nothing left to do.)

7.39. Executing TECHMAP pass (map to technology primitives).

7.39.1. Executing Verilog-2005 frontend: /home/shay/a/ece270/bin/../share/yosys/ice40/latches_map.v
Parsing Verilog input from `/home/shay/a/ece270/bin/../share/yosys/ice40/latches_map.v' to AST representation.
Generating RTLIL representation for module `\$_DLATCH_N_'.
Generating RTLIL representation for module `\$_DLATCH_P_'.
Successfully finished Verilog frontend.

7.39.2. Continuing TECHMAP pass.
No more expansions possible.
<suppressed ~4 debug messages>

7.40. Executing ABC pass (technology mapping using ABC).

7.40.1. Extracting gate netlist of module `\ice40hx8k' to `<abc-temp-dir>/input.blif'..
Extracted 75 gates and 117 wires to a netlist network with 41 inputs and 34 outputs.

7.40.1.1. Executing ABC.
Running ABC command: "<yosys-exe-dir>/yosys-abc" -s -f <abc-temp-dir>/abc.script 2>&1
ABC: ABC command line: "source <abc-temp-dir>/abc.script".
ABC: 
ABC: + read_blif <abc-temp-dir>/input.blif 
ABC: + read_lut <abc-temp-dir>/lutdefs.txt 
ABC: + strash 
ABC: + &get -n 
ABC: + &fraig -x 
ABC: + &put 
ABC: + scorr 
ABC: Warning: The network is combinational (run "fraig" or "fraig_sweep").
ABC: + dc2 
ABC: + dretime 
ABC: + strash 
ABC: + dch -f 
ABC: + if 
ABC: + mfs2 
ABC: + lutpack -S 1 
ABC: + dress <abc-temp-dir>/input.blif 
ABC: Total number of equiv classes                =      36.
ABC: Participating nodes from both networks       =      77.
ABC: Participating nodes from the first network   =      35. (  92.11 % of nodes)
ABC: Participating nodes from the second network  =      42. ( 110.53 % of nodes)
ABC: Node pairs (any polarity)                    =      35. (  92.11 % of names can be moved)
ABC: Node pairs (same polarity)                   =      35. (  92.11 % of names can be moved)
ABC: Total runtime =     0.01 sec
ABC: + write_blif <abc-temp-dir>/output.blif 

7.40.1.2. Re-integrating ABC results.
ABC RESULTS:              $lut cells:       37
ABC RESULTS:        internal signals:       42
ABC RESULTS:           input signals:       41
ABC RESULTS:          output signals:       34
Removing temp directory.

7.41. Executing ICE40_WRAPCARRY pass (wrap carries).

7.42. Executing TECHMAP pass (map to technology primitives).

7.42.1. Executing Verilog-2005 frontend: /home/shay/a/ece270/bin/../share/yosys/ice40/ff_map.v
Parsing Verilog input from `/home/shay/a/ece270/bin/../share/yosys/ice40/ff_map.v' to AST representation.
Generating RTLIL representation for module `\$_DFF_N_'.
Generating RTLIL representation for module `\$_DFF_P_'.
Generating RTLIL representation for module `\$_DFFE_NP_'.
Generating RTLIL representation for module `\$_DFFE_PP_'.
Generating RTLIL representation for module `\$_DFF_NP0_'.
Generating RTLIL representation for module `\$_DFF_NP1_'.
Generating RTLIL representation for module `\$_DFF_PP0_'.
Generating RTLIL representation for module `\$_DFF_PP1_'.
Generating RTLIL representation for module `\$_DFFE_NP0P_'.
Generating RTLIL representation for module `\$_DFFE_NP1P_'.
Generating RTLIL representation for module `\$_DFFE_PP0P_'.
Generating RTLIL representation for module `\$_DFFE_PP1P_'.
Generating RTLIL representation for module `\$_SDFF_NP0_'.
Generating RTLIL representation for module `\$_SDFF_NP1_'.
Generating RTLIL representation for module `\$_SDFF_PP0_'.
Generating RTLIL representation for module `\$_SDFF_PP1_'.
Generating RTLIL representation for module `\$_SDFFCE_NP0P_'.
Generating RTLIL representation for module `\$_SDFFCE_NP1P_'.
Generating RTLIL representation for module `\$_SDFFCE_PP0P_'.
Generating RTLIL representation for module `\$_SDFFCE_PP1P_'.
Successfully finished Verilog frontend.

7.42.2. Continuing TECHMAP pass.
No more expansions possible.
<suppressed ~22 debug messages>
Removed 20 unused cells and 103 unused wires.

7.43. Executing OPT_LUT pass (optimize LUTs).
Discovering LUTs.
Number of LUTs:       58
  1-LUT               21
  2-LUT                5
  3-LUT               22
  4-LUT               10
  with \SB_CARRY    (#0)   19
  with \SB_CARRY    (#1)   25

Eliminating LUTs.
Number of LUTs:       58
  1-LUT               21
  2-LUT                5
  3-LUT               22
  4-LUT               10
  with \SB_CARRY    (#0)   19
  with \SB_CARRY    (#1)   25

Combining LUTs.
Number of LUTs:       58
  1-LUT               21
  2-LUT                5
  3-LUT               22
  4-LUT               10
  with \SB_CARRY    (#0)   19
  with \SB_CARRY    (#1)   25

Eliminated 0 LUTs.
Combined 0 LUTs.
<suppressed ~211 debug messages>

7.44. Executing TECHMAP pass (map to technology primitives).

7.44.1. Executing Verilog-2005 frontend: /home/shay/a/ece270/bin/../share/yosys/ice40/cells_map.v
Parsing Verilog input from `/home/shay/a/ece270/bin/../share/yosys/ice40/cells_map.v' to AST representation.
Generating RTLIL representation for module `\$lut'.
Successfully finished Verilog frontend.

7.44.2. Continuing TECHMAP pass.
Using template $paramod$de3d8c0ac9a85f776878d56395b6e0bf04ae72e7\$lut for cells of type $lut.
Using template $paramod$bdb7f9ed72fd4f5c7ad81c376f2d8a5c72a0098d\$lut for cells of type $lut.
Using template $paramod\$lut\WIDTH=32'00000000000000000000000000000011\LUT=8'00000001 for cells of type $lut.
Using template $paramod\$lut\WIDTH=32'00000000000000000000000000000010\LUT=4'0100 for cells of type $lut.
Using template $paramod\$lut\WIDTH=32'00000000000000000000000000000011\LUT=8'10110000 for cells of type $lut.
Using template $paramod$fd904e9e35cfd343a9df248824bd3f1408724879\$lut for cells of type $lut.
Using template $paramod$279a8d961e6b2ded8450bee8ed637cb9efa31f02\$lut for cells of type $lut.
Using template $paramod\$lut\WIDTH=32'00000000000000000000000000000001\LUT=2'01 for cells of type $lut.
Using template $paramod$2e7a95e82db1d690ae9ba5d10f68b175fa2cb467\$lut for cells of type $lut.
Using template $paramod\$lut\WIDTH=32'00000000000000000000000000000010\LUT=4'0001 for cells of type $lut.
Using template $paramod\$lut\WIDTH=32'00000000000000000000000000000011\LUT=8'10111111 for cells of type $lut.
Using template $paramod$3039c7f41767c4672f4e3f22ad78f16d42720fbf\$lut for cells of type $lut.
No more expansions possible.
<suppressed ~217 debug messages>
Removed 0 unused cells and 116 unused wires.

7.45. Executing AUTONAME pass.
Renamed 1136 objects in module ice40hx8k (17 iterations).
<suppressed ~150 debug messages>

7.46. Executing HIERARCHY pass (managing design hierarchy).

7.46.1. Analyzing design hierarchy..
Top module:  \ice40hx8k

7.46.2. Analyzing design hierarchy..
Top module:  \ice40hx8k
Removed 0 unused modules.

7.47. Printing statistics.

=== ice40hx8k ===

   Number of wires:                100
   Number of wire bits:            513
   Number of public wires:         100
   Number of public wire bits:     513
   Number of memories:               0
   Number of memory bits:            0
   Number of processes:              0
   Number of cells:                129
     SB_CARRY                       37
     SB_DFFE                        14
     SB_DFFESR                      15
     SB_DFFESS                       4
     SB_LUT4                        58
     SB_PLL40_CORE                   1

7.48. Executing CHECK pass (checking for obvious problems).
Checking module ice40hx8k...
Found and reported 0 problems.

7.49. Executing JSON backend.

Warnings: 87 unique messages, 88 total
End of script. Logfile hash: 360afb1a38, CPU: user 0.52s system 0.02s, MEM: 32.77 MB peak
Yosys 0.27 (git sha1 5f88c218b, gcc 11.3.0-1ubuntu1~22.04 -fPIC -O3)
Time spent: 42% 18x read_verilog (0 sec), 20% 1x abc (0 sec), ...
